2025-06-06 23:53:14,107 - BotEngine - INFO - Target defeated: Zlnmon
2025-06-06 23:53:14,479 - BotEngine - INFO - Lost target: Zlnmon
2025-06-06 23:53:14,724 - BotEngine - INFO - New target: Zlnmon
2025-06-06 23:53:14,980 - BotEngine - INFO - Target acquired: Zlnmon
2025-06-06 23:53:15,082 - BotEngine - INFO - Used skill 'Skill 2' on Zlnmon (HP: 100%) [Rotation: Rotation 1, Step: 2/2]
2025-06-06 23:53:15,581 - BotEngine - INFO - Basic attack on Zlnmon (HP: 100%)
2025-06-06 23:53:16,084 - BotEngine - INFO - Used skill 'Skill 1' on Zlnmon (HP: 100%) [Rotation: Rotation 1, Step: 1/2]
2025-06-06 23:53:17,085 - BotEngine - INFO - Used skill 'Skill 2' on Zlnmon (HP: 100%) [Rotation: Rotation 1, Step: 2/2]
2025-06-06 23:53:17,586 - BotEngine - INFO - Basic attack on Zlnmon (HP: 100%)
2025-06-06 23:53:18,087 - BotEngine - INFO - Used skill 'Skill 1' on Zlnmon (HP: 100%) [Rotation: Rotation 1, Step: 1/2]
2025-06-06 23:53:19,089 - BotEngine - INFO - Used skill 'Skill 2' on Zlnmon (HP: 100%) [Rotation: Rotation 1, Step: 2/2]
2025-06-06 23:53:19,594 - BotEngine - INFO - Basic attack on Zlnmon (HP: 100%)
2025-06-06 23:53:20,095 - BotEngine - INFO - Used skill 'Skill 1' on Zlnmon (HP: 67%) [Rotation: Rotation 1, Step: 1/2]
2025-06-06 23:53:21,082 - BotEngine - INFO - Used skill 'Skill 2' on Zlnmon (HP: 67%) [Rotation: Rotation 1, Step: 2/2]
2025-06-06 23:53:21,582 - BotEngine - INFO - Basic attack on Zlnmon (HP: 59%)
2025-06-06 23:53:22,086 - BotEngine - INFO - Used skill 'Skill 1' on Zlnmon (HP: 59%) [Rotation: Rotation 1, Step: 1/2]
2025-06-06 23:53:23,093 - BotEngine - INFO - Used skill 'Skill 2' on Zlnmon (HP: 21%) [Rotation: Rotation 1, Step: 2/2]
2025-06-06 23:53:23,579 - BotEngine - INFO - Basic attack on Zlnmon (HP: 23%)
2025-06-06 23:53:23,579 - BotEngine - INFO - Zlnmon is low health (23%)
2025-06-06 23:53:24,083 - BotEngine - INFO - Used skill 'Skill 1' on Zlnmon (HP: 14%) [Rotation: Rotation 1, Step: 1/2]
2025-06-06 23:53:25,099 - BotEngine - INFO - Used skill 'Skill 2' on Zlnmon (HP: 14%) [Rotation: Rotation 1, Step: 2/2]
2025-06-06 23:53:25,125 - BotEngine - INFO - Target defeated: Zlnmon
2025-06-06 23:53:25,496 - BotEngine - INFO - Lost target: Zlnmon
2025-06-06 23:53:28,259 - BotEngine - INFO - New target: Borangl
2025-06-06 23:53:28,516 - BotEngine - INFO - Detected forbidden target: Borangl (skipping)
2025-06-06 23:53:29,015 - BotEngine - INFO - Detected forbidden target: Borangl (skipping)
2025-06-06 23:53:29,514 - BotEngine - INFO - Detected forbidden target: Borangl (skipping)
2025-06-06 23:53:29,757 - BotEngine - INFO - New target: Zlnmon
2025-06-06 23:53:30,014 - BotEngine - INFO - Target acquired: Zlnmon
2025-06-06 23:53:30,117 - BotEngine - INFO - Used skill 'Skill 1' on Zlnmon (HP: 100%) [Rotation: Rotation 1, Step: 1/2]
2025-06-06 23:53:30,617 - BotEngine - INFO - Basic attack on Zlnmon (HP: 100%)
2025-06-06 23:53:31,120 - BotEngine - INFO - Used skill 'Skill 2' on Zlnmon (HP: 100%) [Rotation: Rotation 1, Step: 2/2]
2025-06-06 23:53:32,111 - BotEngine - INFO - Used skill 'Skill 1' on Zlnmon (HP: 100%) [Rotation: Rotation 1, Step: 1/2]
2025-06-06 23:53:32,614 - BotEngine - INFO - Basic attack on Zlnmon (HP: 100%)
2025-06-06 23:53:33,116 - BotEngine - INFO - Used skill 'Skill 2' on Zlnmon (HP: 100%) [Rotation: Rotation 1, Step: 2/2]
2025-06-06 23:53:34,116 - BotEngine - INFO - Used skill 'Skill 1' on Zlnmon (HP: 100%) [Rotation: Rotation 1, Step: 1/2]
2025-06-06 23:53:34,613 - BotEngine - INFO - Basic attack on Zlnmon (HP: 100%)
2025-06-06 23:53:35,114 - BotEngine - INFO - Used skill 'Skill 2' on Zlnmon (HP: 100%) [Rotation: Rotation 1, Step: 2/2]
2025-06-06 23:53:36,116 - BotEngine - INFO - Used skill 'Skill 1' on Zlnmon (HP: 100%) [Rotation: Rotation 1, Step: 1/2]
2025-06-06 23:53:36,618 - BotEngine - INFO - Basic attack on Zlnmon (HP: 100%)
2025-06-06 23:53:37,122 - BotEngine - INFO - Used skill 'Skill 2' on Zlnmon (HP: 62%) [Rotation: Rotation 1, Step: 2/2]
2025-06-06 23:53:38,119 - BotEngine - INFO - Used skill 'Skill 1' on Zlnmon (HP: 62%) [Rotation: Rotation 1, Step: 1/2]
2025-06-06 23:53:38,620 - BotEngine - INFO - Basic attack on Zlnmon (HP: 53%)
2025-06-06 23:53:39,114 - BotEngine - INFO - Used skill 'Skill 2' on Zlnmon (HP: 53%) [Rotation: Rotation 1, Step: 2/2]
2025-06-06 23:53:39,431 - BotEngine - INFO - Enhanced combat manager paused
2025-06-06 23:53:39,432 - BotEngine - INFO - Bot paused
2025-06-06 23:57:51,663 - BotEngine - INFO - Enhanced combat manager stopped
2025-06-06 23:57:52,368 - BotEngine - INFO - Emergency stop executed - all keys released
2025-06-06 23:57:52,369 - BotEngine - INFO - Bot stopped successfully
2025-06-06 23:57:52,370 - BotEngine - INFO - Session summary:
2025-06-06 23:57:52,371 - BotEngine - INFO -   Targets killed: 6
2025-06-06 23:57:52,371 - BotEngine - INFO -   Skills used: 63
2025-06-06 23:57:52,372 - BotEngine - INFO -   Basic attacks: 30
2025-06-06 23:57:52,373 - BotEngine - INFO -   Total skill uses: 46
2025-06-06 23:57:53,418 - Application - INFO - Application closed
2025-06-06 23:57:59,161 - Application - INFO - Starting Tantra Bot v2.0.0
2025-06-06 23:57:59,162 - Application - INFO - DEBUG: Attempting to import TantraBotMainWindow...
2025-06-06 23:57:59,395 - Application - INFO - DEBUG: Import successful
2025-06-06 23:57:59,395 - Application - INFO - DEBUG: Creating main window instance...
2025-06-06 23:57:59,398 - BotEngine - INFO - Loading skills config: 6 skills found in config
2025-06-06 23:57:59,398 - BotEngine - INFO - Loading skills from saved configuration
2025-06-06 23:57:59,399 - BotEngine - INFO - Auto-set first available rotation: Rotation 1
2025-06-06 23:57:59,399 - BotEngine - INFO - Imported 6 skills and 1 rotations
2025-06-06 23:57:59,399 - BotEngine - INFO - Imported 6 skills from config
2025-06-06 23:57:59,399 - BotEngine - INFO - Auto-set active rotation: Rotation 1
2025-06-06 23:57:59,399 - BotEngine - INFO - Skills setup completed: 6 total, 3 enabled
2025-06-06 23:57:59,399 - BotEngine - INFO - Active skills: ['Skill 1', 'Skill 2', 'New Skill 6']
2025-06-06 23:57:59,399 - BotEngine - INFO - Available rotations: ['Rotation 1']
2025-06-06 23:57:59,399 - BotEngine - INFO - Active rotation: Rotation 1 -> Skills: ['Skill 1', 'Skill 2']
2025-06-06 23:57:59,399 - BotEngine - INFO - Mob whitelist updated: ['Byokbo', 'Zaku', 'Zlnmon']
2025-06-06 23:57:59,400 - BotEngine - INFO - Potion threshold set to 50%
2025-06-06 23:57:59,400 - BotEngine - INFO - Skill usage enabled
2025-06-06 23:57:59,400 - BotEngine - INFO - Skill priority mode set to: rotation
2025-06-06 23:57:59,400 - BotEngine - INFO - Combat timing updated: {'target_attempt_interval': 1.0, 'movement_interval': 8.0, 'attack_interval': 1.5, 'skill_interval': 0.8, 'stuck_detection_time': 20.0, 'combat_check': 0.5, 'attack': 1.5, 'target_switch': 0.7, 'potion': 0.5}
2025-06-06 23:57:59,400 - BotEngine - INFO - Bot configured successfully with enhanced skills integration
2025-06-06 23:57:59,525 - Application - INFO - DEBUG: Main window created successfully
2025-06-06 23:57:59,525 - Application - INFO - DEBUG: Showing main window...
2025-06-06 23:57:59,615 - Application - INFO - DEBUG: Main window shown
2025-06-06 23:57:59,616 - Application - INFO - DEBUG: Starting application event loop...
2025-06-06 23:58:05,199 - BotEngine - INFO - Target window set:   (0x76099E)
2025-06-06 23:58:06,559 - BotEngine - INFO - Loading skills config: 6 skills found in config
2025-06-06 23:58:06,559 - BotEngine - INFO - Loading skills from saved configuration
2025-06-06 23:58:06,560 - BotEngine - INFO - Auto-set first available rotation: Rotation 1
2025-06-06 23:58:06,560 - BotEngine - INFO - Imported 6 skills and 1 rotations
2025-06-06 23:58:06,562 - BotEngine - INFO - Imported 6 skills from config
2025-06-06 23:58:06,563 - BotEngine - INFO - Auto-set active rotation: Rotation 1
2025-06-06 23:58:06,563 - BotEngine - INFO - Skills setup completed: 6 total, 3 enabled
2025-06-06 23:58:06,564 - BotEngine - INFO - Active skills: ['Skill 1', 'Skill 2', 'New Skill 6']
2025-06-06 23:58:06,564 - BotEngine - INFO - Available rotations: ['Rotation 1']
2025-06-06 23:58:06,564 - BotEngine - INFO - Active rotation: Rotation 1 -> Skills: ['Skill 1', 'Skill 2']
2025-06-06 23:58:06,564 - BotEngine - INFO - Mob whitelist updated: ['Byokbo', 'Zaku', 'Zlnmon']
2025-06-06 23:58:06,565 - BotEngine - INFO - Potion threshold set to 50%
2025-06-06 23:58:06,565 - BotEngine - INFO - Skill usage enabled
2025-06-06 23:58:06,565 - BotEngine - INFO - Skill priority mode set to: rotation
2025-06-06 23:58:06,565 - BotEngine - INFO - Combat timing updated: {'target_attempt_interval': 1.0, 'movement_interval': 8.0, 'attack_interval': 1.5, 'skill_interval': 0.8, 'stuck_detection_time': 20.0, 'combat_check': 0.5, 'attack': 1.5, 'target_switch': 0.7, 'potion': 0.5}
2025-06-06 23:58:06,566 - BotEngine - INFO - Bot configured successfully with enhanced skills integration
2025-06-06 23:58:06,566 - BotEngine - INFO - Configuration updated successfully
2025-06-06 23:58:06,569 - BotEngine - INFO - Enhanced combat manager started with skills integration
2025-06-06 23:58:06,570 - BotEngine - INFO - Bot started successfully!
2025-06-06 23:58:06,571 - BotEngine - INFO - Skills: 3/6 enabled
2025-06-06 23:58:06,571 - BotEngine - INFO - Active rotation: Rotation 1
2025-06-06 23:58:07,339 - BotEngine - INFO - New target: Borangl
2025-06-06 23:58:07,598 - BotEngine - INFO - Detected forbidden target: Borangl (skipping)
2025-06-06 23:58:08,101 - BotEngine - INFO - Detected forbidden target: Borangl (skipping)
2025-06-06 23:58:08,471 - BotEngine - INFO - New target: Zlnmon
2025-06-06 23:58:08,599 - BotEngine - INFO - Target acquired: Zlnmon
2025-06-06 23:58:08,702 - BotEngine - INFO - Used skill 'Skill 1' on Zlnmon (HP: 100%) [Rotation: Rotation 1, Step: 1/2]
2025-06-06 23:58:09,203 - BotEngine - INFO - Basic attack on Zlnmon (HP: 100%)
2025-06-06 23:58:09,690 - BotEngine - INFO - Used skill 'Skill 2' on Zlnmon (HP: 100%) [Rotation: Rotation 1, Step: 2/2]
2025-06-06 23:58:10,691 - BotEngine - INFO - Used skill 'Skill 1' on Zlnmon (HP: 100%) [Rotation: Rotation 1, Step: 1/2]
2025-06-06 23:58:11,189 - BotEngine - INFO - Basic attack on Zlnmon (HP: 100%)
2025-06-06 23:58:11,692 - BotEngine - INFO - Used skill 'Skill 2' on Zlnmon (HP: 100%) [Rotation: Rotation 1, Step: 2/2]
2025-06-06 23:58:12,696 - BotEngine - INFO - Used skill 'Skill 1' on Zlnmon (HP: 100%) [Rotation: Rotation 1, Step: 1/2]
2025-06-06 23:58:13,195 - BotEngine - INFO - Basic attack on Zlnmon (HP: 100%)
2025-06-06 23:58:13,694 - BotEngine - INFO - Used skill 'Skill 2' on Zlnmon (HP: 100%) [Rotation: Rotation 1, Step: 2/2]
2025-06-06 23:58:14,695 - BotEngine - INFO - Used skill 'Skill 1' on Zlnmon (HP: 67%) [Rotation: Rotation 1, Step: 1/2]
2025-06-06 23:58:15,193 - BotEngine - INFO - Basic attack on Zlnmon (HP: 58%)
2025-06-06 23:58:15,695 - BotEngine - INFO - Used skill 'Skill 2' on Zlnmon (HP: 58%) [Rotation: Rotation 1, Step: 2/2]
2025-06-06 23:58:16,701 - BotEngine - INFO - Used skill 'Skill 1' on Zlnmon (HP: 58%) [Rotation: Rotation 1, Step: 1/2]
2025-06-06 23:58:17,201 - BotEngine - INFO - Basic attack on Zlnmon (HP: 23%)
2025-06-06 23:58:17,202 - BotEngine - INFO - Zlnmon is low health (23%)
2025-06-06 23:58:17,700 - BotEngine - INFO - Used skill 'Skill 2' on Zlnmon (HP: 25%) [Rotation: Rotation 1, Step: 2/2]
2025-06-06 23:58:18,699 - BotEngine - INFO - Used skill 'Skill 1' on Zlnmon (HP: 15%) [Rotation: Rotation 1, Step: 1/2]
2025-06-06 23:58:19,202 - BotEngine - INFO - Basic attack on Zlnmon (HP: 15%)
2025-06-06 23:58:19,203 - BotEngine - INFO - Zlnmon is low health (15%)
2025-06-06 23:58:19,694 - BotEngine - INFO - Used skill 'Skill 2' on Zlnmon (HP: 16%) [Rotation: Rotation 1, Step: 2/2]
2025-06-06 23:58:20,697 - BotEngine - INFO - Used skill 'Skill 1' on Zlnmon (HP: 7%) [Rotation: Rotation 1, Step: 1/2]
2025-06-06 23:58:21,201 - BotEngine - INFO - Basic attack on Zlnmon (HP: 7%)
2025-06-06 23:58:21,202 - BotEngine - INFO - Zlnmon is low health (7%)
2025-06-06 23:58:21,241 - BotEngine - INFO - Target defeated: Zlnmon
2025-06-06 23:58:21,587 - BotEngine - INFO - Lost target: Zlnmon
2025-06-06 23:58:21,845 - BotEngine - INFO - New target: Zlnmon
2025-06-06 23:58:22,090 - BotEngine - INFO - Target acquired: Zlnmon
2025-06-06 23:58:22,192 - BotEngine - INFO - Used skill 'Skill 2' on Zlnmon (HP: 100%) [Rotation: Rotation 1, Step: 2/2]
2025-06-06 23:58:23,202 - BotEngine - INFO - Used skill 'Skill 1' on Zlnmon (HP: 100%) [Rotation: Rotation 1, Step: 1/2]
2025-06-06 23:58:23,717 - BotEngine - INFO - Basic attack on Zlnmon (HP: 100%)
2025-06-06 23:58:24,206 - BotEngine - INFO - Used skill 'Skill 2' on Zlnmon (HP: 100%) [Rotation: Rotation 1, Step: 2/2]
2025-06-06 23:58:25,228 - BotEngine - INFO - Used skill 'Skill 1' on Zlnmon (HP: 100%) [Rotation: Rotation 1, Step: 1/2]
2025-06-06 23:58:25,728 - BotEngine - INFO - Basic attack on Zlnmon (HP: 100%)
2025-06-06 23:58:26,232 - BotEngine - INFO - Used skill 'Skill 2' on Zlnmon (HP: 100%) [Rotation: Rotation 1, Step: 2/2]
2025-06-06 23:58:27,223 - BotEngine - INFO - Used skill 'Skill 1' on Zlnmon (HP: 100%) [Rotation: Rotation 1, Step: 1/2]
2025-06-06 23:58:27,746 - BotEngine - INFO - Basic attack on Zlnmon (HP: 14%)
2025-06-06 23:58:27,747 - BotEngine - INFO - Zlnmon is low health (14%)
2025-06-06 23:58:28,237 - BotEngine - INFO - Used skill 'Skill 2' on Zlnmon (HP: 15%) [Rotation: Rotation 1, Step: 2/2]
2025-06-06 23:58:28,676 - BotEngine - INFO - Target defeated: Zlnmon
2025-06-06 23:58:29,156 - BotEngine - INFO - Lost target: Zlnmon
2025-06-06 23:58:31,913 - BotEngine - INFO - New target: Borangl
2025-06-06 23:58:32,151 - BotEngine - INFO - Detected forbidden target: Borangl (skipping)
2025-06-06 23:58:32,657 - BotEngine - INFO - Detected forbidden target: Borangl (skipping)
2025-06-06 23:58:32,917 - BotEngine - INFO - New target: Zlnmon
2025-06-06 23:58:33,162 - BotEngine - INFO - Target acquired: Zlnmon
2025-06-06 23:58:33,264 - BotEngine - INFO - Used skill 'Skill 1' on Zlnmon (HP: 100%) [Rotation: Rotation 1, Step: 1/2]
2025-06-06 23:58:33,753 - BotEngine - INFO - Basic attack on Zlnmon (HP: 100%)
2025-06-06 23:58:34,259 - BotEngine - INFO - Used skill 'Skill 2' on Zlnmon (HP: 100%) [Rotation: Rotation 1, Step: 2/2]
2025-06-06 23:58:35,256 - BotEngine - INFO - Used skill 'Skill 1' on Zlnmon (HP: 100%) [Rotation: Rotation 1, Step: 1/2]
2025-06-06 23:58:35,763 - BotEngine - INFO - Basic attack on Zlnmon (HP: 100%)
2025-06-06 23:58:36,254 - BotEngine - INFO - Used skill 'Skill 2' on Zlnmon (HP: 100%) [Rotation: Rotation 1, Step: 2/2]
2025-06-06 23:58:37,256 - BotEngine - INFO - Used skill 'Skill 1' on Zlnmon (HP: 100%) [Rotation: Rotation 1, Step: 1/2]
2025-06-06 23:58:37,766 - BotEngine - INFO - Basic attack on Zlnmon (HP: 100%)
2025-06-06 23:58:38,277 - BotEngine - INFO - Used skill 'Skill 2' on Zlnmon (HP: 100%) [Rotation: Rotation 1, Step: 2/2]
2025-06-06 23:58:39,271 - BotEngine - INFO - Used skill 'Skill 1' on Zlnmon (HP: 100%) [Rotation: Rotation 1, Step: 1/2]
2025-06-06 23:58:39,774 - BotEngine - INFO - Basic attack on Zlnmon (HP: 100%)
2025-06-06 23:58:40,269 - BotEngine - INFO - Used skill 'Skill 2' on Zlnmon (HP: 61%) [Rotation: Rotation 1, Step: 2/2]
2025-06-06 23:58:41,279 - BotEngine - INFO - Used skill 'Skill 1' on Zlnmon (HP: 50%) [Rotation: Rotation 1, Step: 1/2]
2025-06-06 23:58:41,769 - BotEngine - INFO - Basic attack on Zlnmon (HP: 51%)
2025-06-06 23:58:42,281 - BotEngine - INFO - Used skill 'Skill 2' on Zlnmon (HP: 51%) [Rotation: Rotation 1, Step: 2/2]
2025-06-06 23:58:43,277 - BotEngine - INFO - Used skill 'Skill 1' on Zlnmon (HP: 15%) [Rotation: Rotation 1, Step: 1/2]
2025-06-06 23:58:43,793 - BotEngine - INFO - Basic attack on Zlnmon (HP: 16%)
2025-06-06 23:58:43,793 - BotEngine - INFO - Zlnmon is low health (16%)
2025-06-06 23:58:44,297 - BotEngine - INFO - Used skill 'Skill 2' on Zlnmon (HP: 7%) [Rotation: Rotation 1, Step: 2/2]
2025-06-06 23:58:45,289 - BotEngine - INFO - Used skill 'Skill 1' on Zlnmon (HP: 7%) [Rotation: Rotation 1, Step: 1/2]
2025-06-06 23:58:45,324 - BotEngine - INFO - Target defeated: Zlnmon
2025-06-06 23:58:45,690 - BotEngine - INFO - Lost target: Zlnmon
2025-06-06 23:58:45,949 - BotEngine - INFO - New target: Borangl
2025-06-06 23:58:46,197 - BotEngine - INFO - Detected forbidden target: Borangl (skipping)
2025-06-06 23:58:46,699 - BotEngine - INFO - Detected forbidden target: Borangl (skipping)
2025-06-06 23:58:46,946 - BotEngine - INFO - New target: Zlnmon
2025-06-06 23:58:47,205 - BotEngine - INFO - Target acquired: Zlnmon
2025-06-06 23:58:47,308 - BotEngine - INFO - Used skill 'Skill 2' on Zlnmon (HP: 100%) [Rotation: Rotation 1, Step: 2/2]
2025-06-06 23:58:47,810 - BotEngine - INFO - Basic attack on Zlnmon (HP: 100%)
2025-06-06 23:58:48,301 - BotEngine - INFO - Used skill 'Skill 1' on Zlnmon (HP: 100%) [Rotation: Rotation 1, Step: 1/2]
2025-06-06 23:58:49,324 - BotEngine - INFO - Used skill 'Skill 2' on Zlnmon (HP: 100%) [Rotation: Rotation 1, Step: 2/2]
2025-06-06 23:58:49,826 - BotEngine - INFO - Basic attack on Zlnmon (HP: 100%)
2025-06-06 23:58:50,315 - BotEngine - INFO - Used skill 'Skill 1' on Zlnmon (HP: 100%) [Rotation: Rotation 1, Step: 1/2]
2025-06-06 23:58:51,317 - BotEngine - INFO - Used skill 'Skill 2' on Zlnmon (HP: 100%) [Rotation: Rotation 1, Step: 2/2]
2025-06-06 23:58:51,816 - BotEngine - INFO - Basic attack on Zlnmon (HP: 100%)
2025-06-06 23:58:52,321 - BotEngine - INFO - Used skill 'Skill 1' on Zlnmon (HP: 100%) [Rotation: Rotation 1, Step: 1/2]
2025-06-06 23:58:53,323 - BotEngine - INFO - Used skill 'Skill 2' on Zlnmon (HP: 61%) [Rotation: Rotation 1, Step: 2/2]
2025-06-06 23:58:53,822 - BotEngine - INFO - Basic attack on Zlnmon (HP: 61%)
2025-06-06 23:58:54,323 - BotEngine - INFO - Used skill 'Skill 1' on Zlnmon (HP: 53%) [Rotation: Rotation 1, Step: 1/2]
2025-06-06 23:58:55,325 - BotEngine - INFO - Used skill 'Skill 2' on Zlnmon (HP: 53%) [Rotation: Rotation 1, Step: 2/2]
2025-06-06 23:58:55,824 - BotEngine - INFO - Basic attack on Zlnmon (HP: 22%)
2025-06-06 23:58:55,825 - BotEngine - INFO - Zlnmon is low health (22%)
2025-06-06 23:58:56,327 - BotEngine - INFO - Used skill 'Skill 1' on Zlnmon (HP: 22%) [Rotation: Rotation 1, Step: 1/2]
2025-06-06 23:58:57,330 - BotEngine - INFO - Used skill 'Skill 2' on Zlnmon (HP: 12%) [Rotation: Rotation 1, Step: 2/2]
2025-06-06 23:58:57,833 - BotEngine - INFO - Basic attack on Zlnmon (HP: 14%)
2025-06-06 23:58:57,833 - BotEngine - INFO - Zlnmon is low health (14%)
2025-06-06 23:58:58,333 - BotEngine - INFO - Used skill 'Skill 1' on Zlnmon (HP: 14%) [Rotation: Rotation 1, Step: 1/2]
2025-06-06 23:58:58,756 - BotEngine - INFO - Target defeated: Zlnmon
2025-06-06 23:58:59,238 - BotEngine - INFO - Lost target: Zlnmon
2025-06-06 23:58:59,498 - BotEngine - INFO - New target: Borangl
2025-06-06 23:58:59,738 - BotEngine - INFO - Detected forbidden target: Borangl (skipping)
2025-06-06 23:59:00,241 - BotEngine - INFO - Detected forbidden target: Borangl (skipping)
2025-06-06 23:59:00,740 - BotEngine - INFO - Detected forbidden target: Borangl (skipping)
2025-06-06 23:59:01,242 - BotEngine - INFO - Detected forbidden target: Borangl (skipping)
2025-06-06 23:59:01,737 - BotEngine - INFO - Detected forbidden target: Borangl (skipping)
2025-06-06 23:59:02,236 - BotEngine - INFO - Detected forbidden target: Borangl (skipping)
2025-06-06 23:59:02,736 - BotEngine - INFO - Detected forbidden target: Borangl (skipping)
2025-06-06 23:59:03,233 - BotEngine - INFO - Detected forbidden target: Borangl (skipping)
2025-06-06 23:59:03,733 - BotEngine - INFO - Detected forbidden target: Borangl (skipping)
2025-06-06 23:59:04,235 - BotEngine - INFO - Detected forbidden target: Borangl (skipping)
2025-06-06 23:59:04,739 - BotEngine - INFO - Detected forbidden target: Borangl (skipping)
2025-06-06 23:59:05,228 - BotEngine - INFO - Detected forbidden target: Borangl (skipping)
2025-06-06 23:59:05,730 - BotEngine - INFO - Detected forbidden target: Borangl (skipping)
2025-06-06 23:59:06,243 - BotEngine - INFO - Detected forbidden target: Borangl (skipping)
2025-06-06 23:59:06,743 - BotEngine - INFO - Detected forbidden target: Borangl (skipping)
2025-06-06 23:59:07,232 - BotEngine - INFO - Detected forbidden target: Borangl (skipping)
2025-06-06 23:59:07,754 - BotEngine - INFO - Detected forbidden target: Borangl (skipping)
2025-06-06 23:59:08,253 - BotEngine - INFO - Detected forbidden target: Borangl (skipping)
2025-06-06 23:59:08,768 - BotEngine - INFO - Detected forbidden target: Borangl (skipping)
2025-06-06 23:59:09,272 - BotEngine - INFO - Detected forbidden target: Borangl (skipping)
2025-06-06 23:59:09,774 - BotEngine - INFO - Detected forbidden target: Borangl (skipping)
2025-06-06 23:59:10,263 - BotEngine - INFO - Detected forbidden target: Borangl (skipping)
2025-06-06 23:59:10,765 - BotEngine - INFO - Detected forbidden target: Borangl (skipping)
2025-06-06 23:59:11,268 - BotEngine - INFO - Detected forbidden target: Borangl (skipping)
2025-06-06 23:59:11,774 - BotEngine - INFO - Detected forbidden target: Borangl (skipping)
2025-06-06 23:59:12,261 - BotEngine - INFO - Detected forbidden target: Borangl (skipping)
2025-06-06 23:59:12,764 - BotEngine - INFO - Detected forbidden target: Borangl (skipping)
2025-06-06 23:59:13,268 - BotEngine - INFO - Detected forbidden target: Borangl (skipping)
2025-06-06 23:59:13,770 - BotEngine - INFO - Detected forbidden target: Borangl (skipping)
2025-06-06 23:59:14,272 - BotEngine - INFO - Detected forbidden target: Borangl (skipping)
2025-06-06 23:59:14,761 - BotEngine - INFO - Detected forbidden target: Borangl (skipping)
2025-06-06 23:59:15,265 - BotEngine - INFO - Detected forbidden target: Borangl (skipping)
2025-06-06 23:59:15,769 - BotEngine - INFO - Detected forbidden target: Borangl (skipping)
2025-06-06 23:59:16,273 - BotEngine - INFO - Detected forbidden target: Borangl (skipping)
2025-06-06 23:59:16,774 - BotEngine - INFO - Detected forbidden target: Borangl (skipping)
2025-06-06 23:59:17,264 - BotEngine - INFO - Detected forbidden target: Borangl (skipping)
2025-06-06 23:59:17,768 - BotEngine - INFO - Detected forbidden target: Borangl (skipping)
2025-06-06 23:59:18,270 - BotEngine - INFO - Detected forbidden target: Borangl (skipping)
2025-06-06 23:59:18,774 - BotEngine - INFO - Detected forbidden target: Borangl (skipping)
2025-06-06 23:59:19,263 - BotEngine - INFO - Detected forbidden target: Borangl (skipping)
2025-06-06 23:59:19,765 - BotEngine - INFO - Detected forbidden target: Borangl (skipping)
2025-06-06 23:59:20,270 - BotEngine - INFO - Detected forbidden target: Borangl (skipping)
2025-06-06 23:59:20,774 - BotEngine - INFO - Detected forbidden target: Borangl (skipping)
2025-06-06 23:59:21,263 - BotEngine - INFO - Detected forbidden target: Borangl (skipping)
2025-06-06 23:59:21,780 - BotEngine - INFO - Detected forbidden target: Borangl (skipping)
2025-06-06 23:59:22,283 - BotEngine - INFO - Detected forbidden target: Borangl (skipping)
2025-06-06 23:59:22,785 - BotEngine - INFO - Detected forbidden target: Borangl (skipping)
2025-06-06 23:59:23,289 - BotEngine - INFO - Detected forbidden target: Borangl (skipping)
2025-06-06 23:59:23,776 - BotEngine - INFO - Detected forbidden target: Borangl (skipping)
2025-06-06 23:59:24,280 - BotEngine - INFO - Detected forbidden target: Borangl (skipping)
2025-06-06 23:59:24,784 - BotEngine - INFO - Detected forbidden target: Borangl (skipping)
2025-06-06 23:59:25,288 - BotEngine - INFO - Detected forbidden target: Borangl (skipping)
2025-06-06 23:59:25,777 - BotEngine - INFO - Detected forbidden target: Borangl (skipping)
2025-06-06 23:59:26,280 - BotEngine - INFO - Detected forbidden target: Borangl (skipping)
2025-06-06 23:59:26,785 - BotEngine - INFO - Detected forbidden target: Borangl (skipping)
2025-06-06 23:59:27,290 - BotEngine - INFO - Detected forbidden target: Borangl (skipping)
2025-06-06 23:59:27,779 - BotEngine - INFO - Detected forbidden target: Borangl (skipping)
2025-06-06 23:59:28,281 - BotEngine - INFO - Detected forbidden target: Borangl (skipping)
2025-06-06 23:59:28,780 - BotEngine - INFO - Detected forbidden target: Borangl (skipping)
2025-06-06 23:59:29,280 - BotEngine - INFO - Detected forbidden target: Borangl (skipping)
2025-06-06 23:59:29,782 - BotEngine - INFO - Detected forbidden target: Borangl (skipping)
2025-06-06 23:59:30,145 - BotEngine - INFO - New target: Zlnmon
2025-06-06 23:59:30,289 - BotEngine - INFO - Target acquired: Zlnmon
2025-06-06 23:59:30,396 - BotEngine - INFO - Used skill 'Skill 2' on Zlnmon (HP: 100%) [Rotation: Rotation 1, Step: 2/2]
2025-06-06 23:59:30,886 - BotEngine - INFO - Basic attack on Zlnmon (HP: 100%)
2025-06-06 23:59:31,391 - BotEngine - INFO - Used skill 'Skill 1' on Zlnmon (HP: 100%) [Rotation: Rotation 1, Step: 1/2]
2025-06-06 23:59:32,395 - BotEngine - INFO - Used skill 'Skill 2' on Zlnmon (HP: 100%) [Rotation: Rotation 1, Step: 2/2]
2025-06-06 23:59:32,879 - BotEngine - INFO - Basic attack on Zlnmon (HP: 100%)
2025-06-06 23:59:33,386 - BotEngine - INFO - Used skill 'Skill 1' on Zlnmon (HP: 100%) [Rotation: Rotation 1, Step: 1/2]
2025-06-06 23:59:34,394 - BotEngine - INFO - Used skill 'Skill 2' on Zlnmon (HP: 100%) [Rotation: Rotation 1, Step: 2/2]
2025-06-06 23:59:34,892 - BotEngine - INFO - Basic attack on Zlnmon (HP: 100%)
2025-06-06 23:59:35,385 - BotEngine - INFO - Used skill 'Skill 1' on Zlnmon (HP: 100%) [Rotation: Rotation 1, Step: 1/2]
2025-06-06 23:59:36,386 - BotEngine - INFO - Used skill 'Skill 2' on Zlnmon (HP: 90%) [Rotation: Rotation 1, Step: 2/2]
2025-06-06 23:59:36,883 - BotEngine - INFO - Basic attack on Zlnmon (HP: 90%)
2025-06-06 23:59:37,392 - BotEngine - INFO - Used skill 'Skill 1' on Zlnmon (HP: 49%) [Rotation: Rotation 1, Step: 1/2]
2025-06-06 23:59:38,392 - BotEngine - INFO - Used skill 'Skill 2' on Zlnmon (HP: 49%) [Rotation: Rotation 1, Step: 2/2]
2025-06-06 23:59:38,887 - BotEngine - INFO - Basic attack on Zlnmon (HP: 39%)
2025-06-06 23:59:39,392 - BotEngine - INFO - Used skill 'Skill 1' on Zlnmon (HP: 40%) [Rotation: Rotation 1, Step: 1/2]
2025-06-06 23:59:40,391 - BotEngine - INFO - Used skill 'Skill 2' on Zlnmon (HP: 40%) [Rotation: Rotation 1, Step: 2/2]
2025-06-06 23:59:40,891 - BotEngine - INFO - Basic attack on Zlnmon (HP: 31%)
2025-06-06 23:59:41,391 - BotEngine - INFO - Used skill 'Skill 1' on Zlnmon (HP: 32%) [Rotation: Rotation 1, Step: 1/2]
2025-06-06 23:59:41,823 - BotEngine - INFO - Target defeated: Zlnmon
2025-06-06 23:59:42,288 - BotEngine - INFO - Lost target: Zlnmon
2025-06-06 23:59:42,549 - BotEngine - INFO - New target: Borangl
2025-06-06 23:59:42,777 - BotEngine - INFO - Detected forbidden target: Borangl (skipping)
2025-06-06 23:59:43,289 - BotEngine - INFO - Detected forbidden target: Borangl (skipping)
2025-06-06 23:59:43,791 - BotEngine - INFO - Detected forbidden target: Borangl (skipping)
2025-06-06 23:59:44,278 - BotEngine - INFO - Detected forbidden target: Borangl (skipping)
2025-06-06 23:59:44,780 - BotEngine - INFO - Detected forbidden target: Borangl (skipping)
2025-06-06 23:59:45,282 - BotEngine - INFO - Detected forbidden target: Borangl (skipping)
2025-06-06 23:59:45,784 - BotEngine - INFO - Detected forbidden target: Borangl (skipping)
2025-06-06 23:59:46,286 - BotEngine - INFO - Detected forbidden target: Borangl (skipping)
2025-06-06 23:59:46,785 - BotEngine - INFO - Detected forbidden target: Borangl (skipping)
2025-06-06 23:59:47,283 - BotEngine - INFO - Detected forbidden target: Borangl (skipping)
2025-06-06 23:59:47,785 - BotEngine - INFO - Detected forbidden target: Borangl (skipping)
2025-06-06 23:59:48,289 - BotEngine - INFO - Detected forbidden target: Borangl (skipping)
2025-06-06 23:59:48,789 - BotEngine - INFO - Detected forbidden target: Borangl (skipping)
2025-06-06 23:59:49,279 - BotEngine - INFO - Detected forbidden target: Borangl (skipping)
2025-06-06 23:59:49,780 - BotEngine - INFO - Detected forbidden target: Borangl (skipping)
2025-06-06 23:59:50,281 - BotEngine - INFO - Detected forbidden target: Borangl (skipping)
2025-06-06 23:59:50,780 - BotEngine - INFO - Detected forbidden target: Borangl (skipping)
2025-06-06 23:59:51,281 - BotEngine - INFO - Detected forbidden target: Borangl (skipping)
2025-06-06 23:59:51,785 - BotEngine - INFO - Detected forbidden target: Borangl (skipping)
2025-06-06 23:59:52,285 - BotEngine - INFO - Detected forbidden target: Borangl (skipping)
2025-06-06 23:59:52,787 - BotEngine - INFO - Detected forbidden target: Borangl (skipping)
2025-06-06 23:59:53,289 - BotEngine - INFO - Detected forbidden target: Borangl (skipping)
2025-06-06 23:59:53,789 - BotEngine - INFO - Detected forbidden target: Borangl (skipping)
2025-06-06 23:59:54,291 - BotEngine - INFO - Detected forbidden target: Borangl (skipping)
2025-06-06 23:59:54,779 - BotEngine - INFO - Detected forbidden target: Borangl (skipping)
2025-06-06 23:59:55,279 - BotEngine - INFO - Detected forbidden target: Borangl (skipping)
2025-06-06 23:59:55,779 - BotEngine - INFO - Detected forbidden target: Borangl (skipping)
2025-06-06 23:59:56,287 - BotEngine - INFO - Detected forbidden target: Borangl (skipping)
2025-06-06 23:59:56,544 - BotEngine - INFO - Enhanced combat manager paused
2025-06-06 23:59:56,545 - BotEngine - INFO - Bot paused
2025-06-07 00:56:13,328 - Application - INFO - Starting Tantra Bot v2.0.0
2025-06-07 00:56:13,328 - Application - INFO - DEBUG: Attempting to import TantraBotMainWindow...
2025-06-07 00:56:13,590 - Application - INFO - DEBUG: Import successful
2025-06-07 00:56:13,590 - Application - INFO - DEBUG: Creating main window instance...
2025-06-07 00:56:13,593 - BotEngine - INFO - Loading skills config: 6 skills found in config
2025-06-07 00:56:13,593 - BotEngine - INFO - Loading skills from saved configuration
2025-06-07 00:56:13,593 - BotEngine - INFO - Auto-set first available rotation: Rotation 1
2025-06-07 00:56:13,593 - BotEngine - INFO - Imported 6 skills and 1 rotations
2025-06-07 00:56:13,593 - BotEngine - INFO - Imported 6 skills from config
2025-06-07 00:56:13,594 - BotEngine - INFO - Auto-set active rotation: Rotation 1
2025-06-07 00:56:13,594 - BotEngine - INFO - Skills setup completed: 6 total, 3 enabled
2025-06-07 00:56:13,594 - BotEngine - INFO - Active skills: ['Skill 1', 'Skill 2', 'New Skill 6']
2025-06-07 00:56:13,594 - BotEngine - INFO - Available rotations: ['Rotation 1']
2025-06-07 00:56:13,594 - BotEngine - INFO - Active rotation: Rotation 1 -> Skills: ['Skill 1', 'Skill 2']
2025-06-07 00:56:13,594 - BotEngine - INFO - Mob whitelist updated: ['Byokbo', 'Zaku', 'Zlnmon']
2025-06-07 00:56:13,594 - BotEngine - INFO - Potion threshold set to 50%
2025-06-07 00:56:13,595 - BotEngine - INFO - Skill usage enabled
2025-06-07 00:56:13,595 - BotEngine - INFO - Skill priority mode set to: rotation
2025-06-07 00:56:13,595 - BotEngine - INFO - Combat timing updated: {'target_attempt_interval': 1.0, 'movement_interval': 8.0, 'attack_interval': 1.5, 'skill_interval': 0.8, 'stuck_detection_time': 20.0, 'combat_check': 0.5, 'attack': 1.5, 'target_switch': 0.7, 'potion': 0.5}
2025-06-07 00:56:13,595 - BotEngine - INFO - Bot configured successfully with enhanced skills integration
2025-06-07 00:56:13,731 - Application - INFO - DEBUG: Main window created successfully
2025-06-07 00:56:13,731 - Application - INFO - DEBUG: Showing main window...
2025-06-07 00:56:13,826 - Application - INFO - DEBUG: Main window shown
2025-06-07 00:56:13,826 - Application - INFO - DEBUG: Starting application event loop...
2025-06-07 00:56:16,735 - BotEngine - INFO - Target window set:   (0x76099E)
2025-06-07 01:00:57,110 - Application - INFO - Application closed
2025-06-07 01:00:59,353 - Application - INFO - Starting Tantra Bot v2.0.0
2025-06-07 01:00:59,354 - Application - INFO - DEBUG: Attempting to import TantraBotMainWindow...
2025-06-07 01:00:59,594 - Application - INFO - DEBUG: Import successful
2025-06-07 01:00:59,594 - Application - INFO - DEBUG: Creating main window instance...
2025-06-07 01:00:59,597 - BotEngine - INFO - Loading skills config: 6 skills found in config
2025-06-07 01:00:59,597 - BotEngine - INFO - Loading skills from saved configuration
2025-06-07 01:00:59,598 - BotEngine - INFO - Auto-set first available rotation: Rotation 1
2025-06-07 01:00:59,598 - BotEngine - INFO - Imported 6 skills and 1 rotations
2025-06-07 01:00:59,598 - BotEngine - INFO - Imported 6 skills from config
2025-06-07 01:00:59,598 - BotEngine - INFO - Auto-set active rotation: Rotation 1
2025-06-07 01:00:59,598 - BotEngine - INFO - Skills setup completed: 6 total, 3 enabled
2025-06-07 01:00:59,598 - BotEngine - INFO - Active skills: ['Skill 1', 'Skill 2', 'New Skill 6']
2025-06-07 01:00:59,598 - BotEngine - INFO - Available rotations: ['Rotation 1']
2025-06-07 01:00:59,598 - BotEngine - INFO - Active rotation: Rotation 1 -> Skills: ['Skill 1', 'Skill 2']
2025-06-07 01:00:59,599 - BotEngine - INFO - Mob whitelist updated: ['Byokbo', 'Zaku', 'Zlnmon']
2025-06-07 01:00:59,599 - BotEngine - INFO - Potion threshold set to 50%
2025-06-07 01:00:59,599 - BotEngine - INFO - Skill usage enabled
2025-06-07 01:00:59,599 - BotEngine - INFO - Skill priority mode set to: rotation
2025-06-07 01:00:59,599 - BotEngine - INFO - Combat timing updated: {'target_attempt_interval': 1.0, 'movement_interval': 8.0, 'attack_interval': 1.5, 'skill_interval': 0.8, 'stuck_detection_time': 5.0, 'combat_check': 0.5, 'attack': 1.5, 'target_switch': 0.7, 'potion': 0.5}
2025-06-07 01:00:59,599 - BotEngine - INFO - Bot configured successfully with enhanced skills integration
2025-06-07 01:00:59,723 - Application - INFO - DEBUG: Main window created successfully
2025-06-07 01:00:59,723 - Application - INFO - DEBUG: Showing main window...
2025-06-07 01:00:59,811 - Application - INFO - DEBUG: Main window shown
2025-06-07 01:00:59,811 - Application - INFO - DEBUG: Starting application event loop...
2025-06-07 01:01:02,380 - BotEngine - INFO - Target window set:   (0x76099E)
2025-06-07 01:01:05,612 - BotEngine - INFO - Loading skills config: 6 skills found in config
2025-06-07 01:01:05,612 - BotEngine - INFO - Loading skills from saved configuration
2025-06-07 01:01:05,613 - BotEngine - INFO - Auto-set first available rotation: Rotation 1
2025-06-07 01:01:05,613 - BotEngine - INFO - Imported 6 skills and 1 rotations
2025-06-07 01:01:05,615 - BotEngine - INFO - Imported 6 skills from config
2025-06-07 01:01:05,616 - BotEngine - INFO - Auto-set active rotation: Rotation 1
2025-06-07 01:01:05,616 - BotEngine - INFO - Skills setup completed: 6 total, 3 enabled
2025-06-07 01:01:05,617 - BotEngine - INFO - Active skills: ['Skill 1', 'Skill 2', 'New Skill 6']
2025-06-07 01:01:05,617 - BotEngine - INFO - Available rotations: ['Rotation 1']
2025-06-07 01:01:05,617 - BotEngine - INFO - Active rotation: Rotation 1 -> Skills: ['Skill 1', 'Skill 2']
2025-06-07 01:01:05,617 - BotEngine - INFO - Mob whitelist updated: ['Byokbo', 'Zaku', 'Zlnmon']
2025-06-07 01:01:05,618 - BotEngine - INFO - Potion threshold set to 50%
2025-06-07 01:01:05,618 - BotEngine - INFO - Skill usage enabled
2025-06-07 01:01:05,618 - BotEngine - INFO - Skill priority mode set to: rotation
2025-06-07 01:01:05,618 - BotEngine - INFO - Combat timing updated: {'target_attempt_interval': 1.0, 'movement_interval': 8.0, 'attack_interval': 1.5, 'skill_interval': 0.8, 'stuck_detection_time': 5.0, 'combat_check': 0.5, 'attack': 1.5, 'target_switch': 0.7, 'potion': 0.5}
2025-06-07 01:01:05,619 - BotEngine - INFO - Bot configured successfully with enhanced skills integration
2025-06-07 01:01:05,619 - BotEngine - INFO - Configuration updated successfully
2025-06-07 01:01:05,622 - BotEngine - INFO - Enhanced combat manager started with skills integration
2025-06-07 01:01:05,623 - BotEngine - INFO - Bot started successfully!
2025-06-07 01:01:05,624 - BotEngine - INFO - Skills: 3/6 enabled
2025-06-07 01:01:05,624 - BotEngine - INFO - Active rotation: Rotation 1
2025-06-07 01:01:06,397 - BotEngine - INFO - New target: Borangl
2025-06-07 01:01:06,626 - BotEngine - INFO - Detected forbidden target: Borangl (skipping)
2025-06-07 01:01:07,129 - BotEngine - INFO - Detected forbidden target: Borangl (skipping)
2025-06-07 01:01:07,378 - BotEngine - INFO - New target: Zlnmon
2025-06-07 01:01:07,629 - BotEngine - INFO - Target acquired: Zlnmon
2025-06-07 01:01:07,732 - BotEngine - INFO - Used skill 'Skill 1' on Zlnmon (HP: 100%) [Rotation: Rotation 1, Step: 1/2]
2025-06-07 01:01:08,221 - BotEngine - INFO - Basic attack on Zlnmon (HP: 100%)
2025-06-07 01:01:08,725 - BotEngine - INFO - Used skill 'Skill 2' on Zlnmon (HP: 100%) [Rotation: Rotation 1, Step: 2/2]
2025-06-07 01:01:09,743 - BotEngine - INFO - Used skill 'Skill 1' on Zlnmon (HP: 100%) [Rotation: Rotation 1, Step: 1/2]
2025-06-07 01:01:10,261 - BotEngine - INFO - Basic attack on Zlnmon (HP: 100%)
2025-06-07 01:01:10,765 - BotEngine - INFO - Used skill 'Skill 2' on Zlnmon (HP: 100%) [Rotation: Rotation 1, Step: 2/2]
2025-06-07 01:01:11,756 - BotEngine - INFO - Used skill 'Skill 1' on Zlnmon (HP: 100%) [Rotation: Rotation 1, Step: 1/2]
2025-06-07 01:01:12,257 - BotEngine - INFO - Basic attack on Zlnmon (HP: 100%)
2025-06-07 01:01:12,761 - BotEngine - INFO - Used skill 'Skill 2' on Zlnmon (HP: 100%) [Rotation: Rotation 1, Step: 2/2]
2025-06-07 01:01:13,751 - BotEngine - INFO - Used skill 'Skill 1' on Zlnmon (HP: 61%) [Rotation: Rotation 1, Step: 1/2]
2025-06-07 01:01:14,251 - BotEngine - INFO - Basic attack on Zlnmon (HP: 62%)
2025-06-07 01:01:14,753 - BotEngine - INFO - Used skill 'Skill 2' on Zlnmon (HP: 53%) [Rotation: Rotation 1, Step: 2/2]
2025-06-07 01:01:15,755 - BotEngine - INFO - Used skill 'Skill 1' on Zlnmon (HP: 53%) [Rotation: Rotation 1, Step: 1/2]
2025-06-07 01:01:15,776 - BotEngine - INFO - Target defeated: Zlnmon
2025-06-07 01:01:16,170 - BotEngine - INFO - Lost target: Zlnmon
2025-06-07 01:01:16,411 - BotEngine - INFO - New target: Borangl
2025-06-07 01:01:16,675 - BotEngine - INFO - Detected forbidden target: Borangl (skipping)
2025-06-07 01:01:17,176 - BotEngine - INFO - Detected forbidden target: Borangl (skipping)
2025-06-07 01:01:17,428 - BotEngine - INFO - New target: Zlnmon
2025-06-07 01:01:17,679 - BotEngine - INFO - Target acquired: Zlnmon
2025-06-07 01:01:17,781 - BotEngine - INFO - Used skill 'Skill 2' on Zlnmon (HP: 100%) [Rotation: Rotation 1, Step: 2/2]
2025-06-07 01:01:18,281 - BotEngine - INFO - Basic attack on Zlnmon (HP: 100%)
2025-06-07 01:01:18,782 - BotEngine - INFO - Used skill 'Skill 1' on Zlnmon (HP: 100%) [Rotation: Rotation 1, Step: 1/2]
2025-06-07 01:01:19,801 - BotEngine - INFO - Used skill 'Skill 2' on Zlnmon (HP: 100%) [Rotation: Rotation 1, Step: 2/2]
2025-06-07 01:01:20,299 - BotEngine - INFO - Basic attack on Zlnmon (HP: 100%)
2025-06-07 01:01:20,798 - BotEngine - INFO - Used skill 'Skill 1' on Zlnmon (HP: 100%) [Rotation: Rotation 1, Step: 1/2]
2025-06-07 01:01:21,801 - BotEngine - INFO - Used skill 'Skill 2' on Zlnmon (HP: 100%) [Rotation: Rotation 1, Step: 2/2]
2025-06-07 01:01:22,302 - BotEngine - INFO - Basic attack on Zlnmon (HP: 100%)
2025-06-07 01:01:22,806 - BotEngine - INFO - Used skill 'Skill 1' on Zlnmon (HP: 100%) [Rotation: Rotation 1, Step: 1/2]
2025-06-07 01:01:23,807 - BotEngine - INFO - Used skill 'Skill 2' on Zlnmon (HP: 66%) [Rotation: Rotation 1, Step: 2/2]
2025-06-07 01:01:24,309 - BotEngine - INFO - Basic attack on Zlnmon (HP: 66%)
2025-06-07 01:01:24,811 - BotEngine - INFO - Used skill 'Skill 1' on Zlnmon (HP: 66%) [Rotation: Rotation 1, Step: 1/2]
2025-06-07 01:01:25,813 - BotEngine - INFO - Used skill 'Skill 2' on Zlnmon (HP: 57%) [Rotation: Rotation 1, Step: 2/2]
2025-06-07 01:01:26,301 - BotEngine - INFO - Basic attack on Zlnmon (HP: 57%)
2025-06-07 01:01:26,804 - BotEngine - INFO - Used skill 'Skill 1' on Zlnmon (HP: 16%) [Rotation: Rotation 1, Step: 1/2]
2025-06-07 01:01:27,814 - BotEngine - INFO - Used skill 'Skill 2' on Zlnmon (HP: 17%) [Rotation: Rotation 1, Step: 2/2]
2025-06-07 01:01:28,297 - BotEngine - INFO - Basic attack on Zlnmon (HP: 7%)
2025-06-07 01:01:28,298 - BotEngine - INFO - Zlnmon is low health (7%)
2025-06-07 01:01:28,799 - BotEngine - INFO - Used skill 'Skill 1' on Zlnmon (HP: 7%) [Rotation: Rotation 1, Step: 1/2]
2025-06-07 01:01:29,227 - BotEngine - INFO - Target defeated: Zlnmon
2025-06-07 01:01:29,701 - BotEngine - INFO - Lost target: Zlnmon
2025-06-07 01:01:29,946 - BotEngine - INFO - New target: Borangl
2025-06-07 01:01:30,199 - BotEngine - INFO - Detected forbidden target: Borangl (skipping)
2025-06-07 01:01:30,698 - BotEngine - INFO - Detected forbidden target: Borangl (skipping)
2025-06-07 01:01:31,212 - BotEngine - INFO - Detected forbidden target: Borangl (skipping)
2025-06-07 01:01:31,710 - BotEngine - INFO - Detected forbidden target: Borangl (skipping)
2025-06-07 01:01:32,198 - BotEngine - INFO - Detected forbidden target: Borangl (skipping)
2025-06-07 01:01:32,716 - BotEngine - INFO - Detected forbidden target: Borangl (skipping)
2025-06-07 01:01:33,217 - BotEngine - INFO - Detected forbidden target: Borangl (skipping)
2025-06-07 01:01:33,716 - BotEngine - INFO - Detected forbidden target: Borangl (skipping)
2025-06-07 01:01:34,216 - BotEngine - INFO - Detected forbidden target: Borangl (skipping)
2025-06-07 01:01:34,713 - BotEngine - INFO - Detected forbidden target: Borangl (skipping)
2025-06-07 01:01:35,219 - BotEngine - INFO - Detected forbidden target: Borangl (skipping)
2025-06-07 01:01:35,720 - BotEngine - INFO - Detected forbidden target: Borangl (skipping)
2025-06-07 01:01:36,219 - BotEngine - INFO - Detected forbidden target: Borangl (skipping)
2025-06-07 01:01:36,719 - BotEngine - INFO - Detected forbidden target: Borangl (skipping)
2025-06-07 01:01:37,221 - BotEngine - INFO - Detected forbidden target: Borangl (skipping)
2025-06-07 01:01:37,722 - BotEngine - INFO - Detected forbidden target: Borangl (skipping)
2025-06-07 01:01:38,222 - BotEngine - INFO - Detected forbidden target: Borangl (skipping)
2025-06-07 01:01:38,723 - BotEngine - INFO - Detected forbidden target: Borangl (skipping)
2025-06-07 01:01:39,223 - BotEngine - INFO - Detected forbidden target: Borangl (skipping)
2025-06-07 01:01:39,723 - BotEngine - INFO - Detected forbidden target: Borangl (skipping)
2025-06-07 01:01:40,221 - BotEngine - INFO - Detected forbidden target: Borangl (skipping)
2025-06-07 01:01:40,719 - BotEngine - INFO - Detected forbidden target: Borangl (skipping)
2025-06-07 01:01:41,219 - BotEngine - INFO - Detected forbidden target: Borangl (skipping)
2025-06-07 01:01:41,723 - BotEngine - INFO - Detected forbidden target: Borangl (skipping)
2025-06-07 01:01:42,224 - BotEngine - INFO - Detected forbidden target: Borangl (skipping)
2025-06-07 01:01:42,724 - BotEngine - INFO - Detected forbidden target: Borangl (skipping)
2025-06-07 01:01:43,227 - BotEngine - INFO - Detected forbidden target: Borangl (skipping)
2025-06-07 01:01:43,713 - BotEngine - INFO - Detected forbidden target: Borangl (skipping)
2025-06-07 01:01:44,213 - BotEngine - INFO - Detected forbidden target: Borangl (skipping)
2025-06-07 01:01:44,713 - BotEngine - INFO - Detected forbidden target: Borangl (skipping)
2025-06-07 01:01:45,229 - BotEngine - INFO - Detected forbidden target: Borangl (skipping)
2025-06-07 01:01:45,728 - BotEngine - INFO - Detected forbidden target: Borangl (skipping)
2025-06-07 01:01:46,228 - BotEngine - INFO - Detected forbidden target: Borangl (skipping)
2025-06-07 01:01:46,729 - BotEngine - INFO - Detected forbidden target: Borangl (skipping)
2025-06-07 01:01:47,230 - BotEngine - INFO - Detected forbidden target: Borangl (skipping)
2025-06-07 01:01:47,729 - BotEngine - INFO - Detected forbidden target: Borangl (skipping)
2025-06-07 01:01:48,243 - BotEngine - INFO - Detected forbidden target: Borangl (skipping)
2025-06-07 01:01:48,742 - BotEngine - INFO - Detected forbidden target: Borangl (skipping)
2025-06-07 01:01:49,229 - BotEngine - INFO - Detected forbidden target: Borangl (skipping)
2025-06-07 01:01:49,758 - BotEngine - INFO - Detected forbidden target: Borangl (skipping)
2025-06-07 01:01:50,257 - BotEngine - INFO - Detected forbidden target: Borangl (skipping)
2025-06-07 01:01:50,771 - BotEngine - INFO - Detected forbidden target: Borangl (skipping)
2025-06-07 01:01:51,270 - BotEngine - INFO - Detected forbidden target: Borangl (skipping)
2025-06-07 01:01:51,770 - BotEngine - INFO - Detected forbidden target: Borangl (skipping)
2025-06-07 01:01:52,270 - BotEngine - INFO - Detected forbidden target: Borangl (skipping)
2025-06-07 01:01:52,768 - BotEngine - INFO - Detected forbidden target: Borangl (skipping)
2025-06-07 01:01:53,265 - BotEngine - INFO - Detected forbidden target: Borangl (skipping)
2025-06-07 01:01:53,763 - BotEngine - INFO - Detected forbidden target: Borangl (skipping)
2025-06-07 01:01:54,264 - BotEngine - INFO - Detected forbidden target: Borangl (skipping)
2025-06-07 01:01:54,764 - BotEngine - INFO - Detected forbidden target: Borangl (skipping)
2025-06-07 01:01:55,260 - BotEngine - INFO - Detected forbidden target: Borangl (skipping)
2025-06-07 01:01:55,760 - BotEngine - INFO - Detected forbidden target: Borangl (skipping)
2025-06-07 01:01:56,259 - BotEngine - INFO - Detected forbidden target: Borangl (skipping)
2025-06-07 01:01:56,760 - BotEngine - INFO - Detected forbidden target: Borangl (skipping)
2025-06-07 01:01:56,916 - BotEngine - INFO - Enhanced combat manager paused
2025-06-07 01:01:56,916 - BotEngine - INFO - Bot paused
2025-06-07 01:41:24,298 - BotEngine - INFO - Enhanced combat manager stopped
2025-06-07 01:41:25,002 - BotEngine - INFO - Emergency stop executed - all keys released
2025-06-07 01:41:25,002 - BotEngine - INFO - Bot stopped successfully
2025-06-07 01:41:25,003 - BotEngine - INFO - Session summary:
2025-06-07 01:41:25,003 - BotEngine - INFO -   Targets killed: 2
2025-06-07 01:41:25,003 - BotEngine - INFO -   Skills used: 21
2025-06-07 01:41:25,004 - BotEngine - INFO -   Basic attacks: 10
2025-06-07 01:41:25,004 - BotEngine - INFO -   Total skill uses: 21
2025-06-07 01:41:25,794 - Application - INFO - Application closed
2025-06-07 01:41:29,356 - Application - INFO - Starting Tantra Bot v2.0.0
2025-06-07 01:41:29,356 - Application - INFO - DEBUG: Attempting to import TantraBotMainWindow...
2025-06-07 01:41:29,624 - Application - INFO - DEBUG: Import successful
2025-06-07 01:41:29,624 - Application - INFO - DEBUG: Creating main window instance...
2025-06-07 01:41:29,630 - BotEngine - INFO - Loading skills config: 6 skills found in config
2025-06-07 01:41:29,630 - BotEngine - INFO - Loading skills from saved configuration
2025-06-07 01:41:29,630 - BotEngine - INFO - Auto-set first available rotation: Rotation 1
2025-06-07 01:41:29,630 - BotEngine - INFO - Imported 6 skills and 1 rotations
2025-06-07 01:41:29,630 - BotEngine - INFO - Imported 6 skills from config
2025-06-07 01:41:29,630 - BotEngine - INFO - Auto-set active rotation: Rotation 1
2025-06-07 01:41:29,631 - BotEngine - INFO - Skills setup completed: 6 total, 3 enabled
2025-06-07 01:41:29,631 - BotEngine - INFO - Active skills: ['Skill 1', 'Skill 2', 'New Skill 6']
2025-06-07 01:41:29,631 - BotEngine - INFO - Available rotations: ['Rotation 1']
2025-06-07 01:41:29,631 - BotEngine - INFO - Active rotation: Rotation 1 -> Skills: ['Skill 1', 'Skill 2']
2025-06-07 01:41:29,631 - BotEngine - INFO - Mob whitelist updated: ['Byokbo', 'Zaku', 'Zlnmon']
2025-06-07 01:41:29,631 - BotEngine - INFO - Potion threshold set to 50%
2025-06-07 01:41:29,631 - BotEngine - INFO - Skill usage enabled
2025-06-07 01:41:29,631 - BotEngine - INFO - Skill priority mode set to: rotation
2025-06-07 01:41:29,632 - BotEngine - INFO - Movement config updated: {'movement_interval': 4.0, 'max_stuck_time': 12.0, 'click_radius': 150, 'directional_duration': 3.0}
2025-06-07 01:41:29,632 - BotEngine - INFO - Configured for aggressive movement (faster searching)
2025-06-07 01:41:29,632 - BotEngine - INFO - Movement manager configured for active mob searching
2025-06-07 01:41:29,632 - BotEngine - INFO - Combat timing updated: {'target_attempt_interval': 1.0, 'movement_interval': 3.0, 'attack_interval': 1.5, 'skill_interval': 0.8, 'stuck_detection_time': 10.0, 'combat_check': 0.5, 'attack': 1.5, 'target_switch': 0.7, 'potion': 0.5}
2025-06-07 01:41:29,632 - BotEngine - INFO - Bot configured successfully with enhanced skills integration
2025-06-07 01:41:29,772 - Application - INFO - DEBUG: Main window created successfully
2025-06-07 01:41:29,772 - Application - INFO - DEBUG: Showing main window...
2025-06-07 01:41:29,865 - Application - INFO - DEBUG: Main window shown
2025-06-07 01:41:29,865 - Application - INFO - DEBUG: Starting application event loop...
2025-06-07 01:41:37,388 - BotEngine - INFO - Target window set:   (0x76099E)
2025-06-07 01:41:50,934 - BotEngine - INFO - Loading skills config: 6 skills found in config
2025-06-07 01:41:50,934 - BotEngine - INFO - Loading skills from saved configuration
2025-06-07 01:41:50,935 - BotEngine - INFO - Auto-set first available rotation: Rotation 1
2025-06-07 01:41:50,935 - BotEngine - INFO - Imported 6 skills and 1 rotations
2025-06-07 01:41:50,936 - BotEngine - INFO - Imported 6 skills from config
2025-06-07 01:41:50,938 - BotEngine - INFO - Auto-set active rotation: Rotation 1
2025-06-07 01:41:50,938 - BotEngine - INFO - Skills setup completed: 6 total, 3 enabled
2025-06-07 01:41:50,938 - BotEngine - INFO - Active skills: ['Skill 1', 'Skill 2', 'New Skill 6']
2025-06-07 01:41:50,939 - BotEngine - INFO - Available rotations: ['Rotation 1']
2025-06-07 01:41:50,939 - BotEngine - INFO - Active rotation: Rotation 1 -> Skills: ['Skill 1', 'Skill 2']
2025-06-07 01:41:50,939 - BotEngine - INFO - Mob whitelist updated: ['Byokbo', 'Zaku', 'Zlnmon']
2025-06-07 01:41:50,940 - BotEngine - INFO - Potion threshold set to 50%
2025-06-07 01:41:50,940 - BotEngine - INFO - Skill usage enabled
2025-06-07 01:41:50,940 - BotEngine - INFO - Skill priority mode set to: rotation
2025-06-07 01:41:50,940 - BotEngine - INFO - Movement config updated: {'movement_interval': 4.0, 'max_stuck_time': 12.0, 'click_radius': 150, 'directional_duration': 3.0}
2025-06-07 01:41:50,941 - BotEngine - INFO - Configured for aggressive movement (faster searching)
2025-06-07 01:41:50,941 - BotEngine - INFO - Movement manager configured for active mob searching
2025-06-07 01:41:50,941 - BotEngine - INFO - Combat timing updated: {'target_attempt_interval': 1.0, 'movement_interval': 3.0, 'attack_interval': 1.5, 'skill_interval': 0.8, 'stuck_detection_time': 10.0, 'combat_check': 0.5, 'attack': 1.5, 'target_switch': 0.7, 'potion': 0.5}
2025-06-07 01:41:50,941 - BotEngine - INFO - Bot configured successfully with enhanced skills integration
2025-06-07 01:41:50,942 - BotEngine - INFO - Configuration updated successfully
2025-06-07 01:41:50,945 - BotEngine - INFO - Enhanced combat manager started with skills integration
2025-06-07 01:41:50,946 - BotEngine - INFO - Bot started successfully!
2025-06-07 01:41:50,947 - BotEngine - INFO - Skills: 3/6 enabled
2025-06-07 01:41:50,947 - BotEngine - INFO - Active rotation: Rotation 1
2025-06-07 01:41:51,715 - BotEngine - INFO - New target: Zlnmon
2025-06-07 01:41:51,947 - BotEngine - INFO - Target acquired: Zlnmon
2025-06-07 01:41:52,049 - BotEngine - INFO - Used skill 'Skill 1' on Zlnmon (HP: 100%) [Rotation: Rotation 1, Step: 1/2]
2025-06-07 01:41:52,552 - BotEngine - INFO - Basic attack on Zlnmon (HP: 100%)
2025-06-07 01:41:53,055 - BotEngine - INFO - Used skill 'Skill 2' on Zlnmon (HP: 100%) [Rotation: Rotation 1, Step: 2/2]
2025-06-07 01:41:54,054 - BotEngine - INFO - Used skill 'Skill 1' on Zlnmon (HP: 62%) [Rotation: Rotation 1, Step: 1/2]
2025-06-07 01:41:54,554 - BotEngine - INFO - Basic attack on Zlnmon (HP: 62%)
2025-06-07 01:41:55,056 - BotEngine - INFO - Used skill 'Skill 2' on Zlnmon (HP: 62%) [Rotation: Rotation 1, Step: 2/2]
2025-06-07 01:41:56,058 - BotEngine - INFO - Used skill 'Skill 1' on Zlnmon (HP: 53%) [Rotation: Rotation 1, Step: 1/2]
2025-06-07 01:41:56,560 - BotEngine - INFO - Basic attack on Zlnmon (HP: 53%)
2025-06-07 01:41:56,586 - BotEngine - INFO - Target defeated: Zlnmon
2025-06-07 01:41:56,946 - BotEngine - INFO - Lost target: Zlnmon
2025-06-07 01:41:57,191 - BotEngine - INFO - New target: Zlnmon
2025-06-07 01:41:57,451 - BotEngine - INFO - Target acquired: Zlnmon
2025-06-07 01:41:57,553 - BotEngine - INFO - Used skill 'Skill 2' on Zlnmon (HP: 100%) [Rotation: Rotation 1, Step: 2/2]
2025-06-07 01:41:58,556 - BotEngine - INFO - Used skill 'Skill 1' on Zlnmon (HP: 100%) [Rotation: Rotation 1, Step: 1/2]
2025-06-07 01:41:59,056 - BotEngine - INFO - Basic attack on Zlnmon (HP: 100%)
2025-06-07 01:41:59,556 - BotEngine - INFO - Used skill 'Skill 2' on Zlnmon (HP: 100%) [Rotation: Rotation 1, Step: 2/2]
2025-06-07 01:42:00,562 - BotEngine - INFO - Used skill 'Skill 1' on Zlnmon (HP: 100%) [Rotation: Rotation 1, Step: 1/2]
2025-06-07 01:42:01,062 - BotEngine - INFO - Basic attack on Zlnmon (HP: 100%)
2025-06-07 01:42:01,562 - BotEngine - INFO - Used skill 'Skill 2' on Zlnmon (HP: 100%) [Rotation: Rotation 1, Step: 2/2]
2025-06-07 01:42:02,551 - BotEngine - INFO - Used skill 'Skill 1' on Zlnmon (HP: 100%) [Rotation: Rotation 1, Step: 1/2]
2025-06-07 01:42:03,050 - BotEngine - INFO - Basic attack on Zlnmon (HP: 100%)
2025-06-07 01:42:03,550 - BotEngine - INFO - Used skill 'Skill 2' on Zlnmon (HP: 67%) [Rotation: Rotation 1, Step: 2/2]
2025-06-07 01:42:04,558 - BotEngine - INFO - Used skill 'Skill 1' on Zlnmon (HP: 68%) [Rotation: Rotation 1, Step: 1/2]
2025-06-07 01:42:05,061 - BotEngine - INFO - Basic attack on Zlnmon (HP: 58%)
2025-06-07 01:42:05,578 - BotEngine - INFO - Used skill 'Skill 2' on Zlnmon (HP: 58%) [Rotation: Rotation 1, Step: 2/2]
2025-06-07 01:42:06,577 - BotEngine - INFO - Used skill 'Skill 1' on Zlnmon (HP: 14%) [Rotation: Rotation 1, Step: 1/2]
2025-06-07 01:42:07,077 - BotEngine - INFO - Basic attack on Zlnmon (HP: 14%)
2025-06-07 01:42:07,078 - BotEngine - INFO - Zlnmon is low health (14%)
2025-06-07 01:42:07,579 - BotEngine - INFO - Used skill 'Skill 2' on Zlnmon (HP: 14%) [Rotation: Rotation 1, Step: 2/2]
2025-06-07 01:42:07,603 - BotEngine - INFO - Target defeated: Zlnmon
2025-06-07 01:42:07,977 - BotEngine - INFO - Lost target: Zlnmon
2025-06-07 01:42:09,238 - BotEngine - INFO - New target: Borangl
2025-06-07 01:42:09,491 - BotEngine - INFO - Detected forbidden target: Borangl (skipping)
2025-06-07 01:42:09,991 - BotEngine - INFO - Detected forbidden target: Borangl (skipping)
2025-06-07 01:42:10,491 - BotEngine - INFO - Detected forbidden target: Borangl (skipping)
2025-06-07 01:42:10,736 - BotEngine - INFO - New target: Zlnmon
2025-06-07 01:42:10,990 - BotEngine - INFO - Target acquired: Zlnmon
2025-06-07 01:42:11,092 - BotEngine - INFO - Used skill 'Skill 1' on Zlnmon (HP: 100%) [Rotation: Rotation 1, Step: 1/2]
2025-06-07 01:42:11,594 - BotEngine - INFO - Basic attack on Zlnmon (HP: 100%)
2025-06-07 01:42:12,094 - BotEngine - INFO - Used skill 'Skill 2' on Zlnmon (HP: 100%) [Rotation: Rotation 1, Step: 2/2]
2025-06-07 01:42:13,099 - BotEngine - INFO - Used skill 'Skill 1' on Zlnmon (HP: 100%) [Rotation: Rotation 1, Step: 1/2]
2025-06-07 01:42:13,597 - BotEngine - INFO - Basic attack on Zlnmon (HP: 100%)
2025-06-07 01:42:14,112 - BotEngine - INFO - Used skill 'Skill 2' on Zlnmon (HP: 100%) [Rotation: Rotation 1, Step: 2/2]
2025-06-07 01:42:15,116 - BotEngine - INFO - Used skill 'Skill 1' on Zlnmon (HP: 100%) [Rotation: Rotation 1, Step: 1/2]
2025-06-07 01:42:15,618 - BotEngine - INFO - Basic attack on Zlnmon (HP: 100%)
2025-06-07 01:42:16,118 - BotEngine - INFO - Used skill 'Skill 2' on Zlnmon (HP: 100%) [Rotation: Rotation 1, Step: 2/2]
2025-06-07 01:42:17,116 - BotEngine - INFO - Used skill 'Skill 1' on Zlnmon (HP: 100%) [Rotation: Rotation 1, Step: 1/2]
2025-06-07 01:42:17,618 - BotEngine - INFO - Basic attack on Zlnmon (HP: 100%)
2025-06-07 01:42:18,118 - BotEngine - INFO - Used skill 'Skill 2' on Zlnmon (HP: 90%) [Rotation: Rotation 1, Step: 2/2]
2025-06-07 01:42:19,111 - BotEngine - INFO - Used skill 'Skill 1' on Zlnmon (HP: 92%) [Rotation: Rotation 1, Step: 1/2]
2025-06-07 01:42:19,628 - BotEngine - INFO - Basic attack on Zlnmon (HP: 53%)
2025-06-07 01:42:20,129 - BotEngine - INFO - Used skill 'Skill 2' on Zlnmon (HP: 53%) [Rotation: Rotation 1, Step: 2/2]
2025-06-07 01:42:21,148 - BotEngine - INFO - Used skill 'Skill 1' on Zlnmon (HP: 46%) [Rotation: Rotation 1, Step: 1/2]
2025-06-07 01:42:21,646 - BotEngine - INFO - Basic attack on Zlnmon (HP: 46%)
2025-06-07 01:42:22,147 - BotEngine - INFO - Used skill 'Skill 2' on Zlnmon (HP: 46%) [Rotation: Rotation 1, Step: 2/2]
2025-06-07 01:42:23,149 - BotEngine - INFO - Used skill 'Skill 1' on Zlnmon (HP: 37%) [Rotation: Rotation 1, Step: 1/2]
2025-06-07 01:42:23,651 - BotEngine - INFO - Basic attack on Zlnmon (HP: 37%)
2025-06-07 01:42:23,687 - BotEngine - INFO - Target defeated: Zlnmon
2025-06-07 01:42:24,055 - BotEngine - INFO - Lost target: Zlnmon
2025-06-07 01:42:24,307 - BotEngine - INFO - New target: Borangl
2025-06-07 01:42:24,555 - BotEngine - INFO - Detected forbidden target: Borangl (skipping)
2025-06-07 01:42:25,054 - BotEngine - INFO - Detected forbidden target: Borangl (skipping)
2025-06-07 01:42:25,554 - BotEngine - INFO - Detected forbidden target: Borangl (skipping)
2025-06-07 01:42:26,041 - BotEngine - INFO - Detected forbidden target: Borangl (skipping)
2025-06-07 01:42:26,543 - BotEngine - INFO - Detected forbidden target: Borangl (skipping)
2025-06-07 01:42:27,042 - BotEngine - INFO - Detected forbidden target: Borangl (skipping)
2025-06-07 01:42:27,548 - BotEngine - INFO - Detected forbidden target: Borangl (skipping)
2025-06-07 01:42:28,045 - BotEngine - INFO - Detected forbidden target: Borangl (skipping)
2025-06-07 01:42:28,543 - BotEngine - INFO - Detected forbidden target: Borangl (skipping)
2025-06-07 01:42:29,041 - BotEngine - INFO - Detected forbidden target: Borangl (skipping)
2025-06-07 01:42:29,541 - BotEngine - INFO - Detected forbidden target: Borangl (skipping)
2025-06-07 01:42:30,054 - BotEngine - INFO - Detected forbidden target: Borangl (skipping)
2025-06-07 01:42:30,555 - BotEngine - INFO - Detected forbidden target: Borangl (skipping)
2025-06-07 01:42:31,056 - BotEngine - INFO - Detected forbidden target: Borangl (skipping)
2025-06-07 01:42:31,555 - BotEngine - INFO - Detected forbidden target: Borangl (skipping)
2025-06-07 01:42:32,040 - BotEngine - INFO - Detected forbidden target: Borangl (skipping)
2025-06-07 01:42:32,542 - BotEngine - INFO - Detected forbidden target: Borangl (skipping)
2025-06-07 01:42:33,056 - BotEngine - INFO - Detected forbidden target: Borangl (skipping)
2025-06-07 01:42:33,557 - BotEngine - INFO - Detected forbidden target: Borangl (skipping)
2025-06-07 01:42:34,057 - BotEngine - INFO - Detected forbidden target: Borangl (skipping)
2025-06-07 01:42:34,558 - BotEngine - INFO - Detected forbidden target: Borangl (skipping)
2025-06-07 01:42:35,072 - BotEngine - INFO - Detected forbidden target: Borangl (skipping)
2025-06-07 01:42:35,586 - BotEngine - INFO - Detected forbidden target: Borangl (skipping)
2025-06-07 01:42:36,085 - BotEngine - INFO - Detected forbidden target: Borangl (skipping)
2025-06-07 01:42:36,583 - BotEngine - INFO - Detected forbidden target: Borangl (skipping)
2025-06-07 01:42:37,082 - BotEngine - INFO - Detected forbidden target: Borangl (skipping)
2025-06-07 01:42:37,582 - BotEngine - INFO - Detected forbidden target: Borangl (skipping)
2025-06-07 01:42:38,082 - BotEngine - INFO - Detected forbidden target: Borangl (skipping)
2025-06-07 01:42:38,581 - BotEngine - INFO - Detected forbidden target: Borangl (skipping)
2025-06-07 01:42:39,078 - BotEngine - INFO - Detected forbidden target: Borangl (skipping)
2025-06-07 01:42:39,579 - BotEngine - INFO - Detected forbidden target: Borangl (skipping)
2025-06-07 01:42:40,078 - BotEngine - INFO - Detected forbidden target: Borangl (skipping)
2025-06-07 01:42:40,577 - BotEngine - INFO - Detected forbidden target: Borangl (skipping)
2025-06-07 01:42:41,077 - BotEngine - INFO - Detected forbidden target: Borangl (skipping)
2025-06-07 01:42:41,577 - BotEngine - INFO - Detected forbidden target: Borangl (skipping)
2025-06-07 01:42:42,076 - BotEngine - INFO - Detected forbidden target: Borangl (skipping)
2025-06-07 01:42:42,576 - BotEngine - INFO - Detected forbidden target: Borangl (skipping)
2025-06-07 01:42:43,078 - BotEngine - INFO - Detected forbidden target: Borangl (skipping)
2025-06-07 01:42:43,576 - BotEngine - INFO - Detected forbidden target: Borangl (skipping)
2025-06-07 01:42:44,075 - BotEngine - INFO - Detected forbidden target: Borangl (skipping)
2025-06-07 01:42:44,575 - BotEngine - INFO - Detected forbidden target: Borangl (skipping)
2025-06-07 01:42:45,075 - BotEngine - INFO - Detected forbidden target: Borangl (skipping)
2025-06-07 01:42:45,573 - BotEngine - INFO - Detected forbidden target: Borangl (skipping)
2025-06-07 01:42:46,075 - BotEngine - INFO - Detected forbidden target: Borangl (skipping)
2025-06-07 01:42:46,575 - BotEngine - INFO - Detected forbidden target: Borangl (skipping)
2025-06-07 01:42:47,075 - BotEngine - INFO - Detected forbidden target: Borangl (skipping)
2025-06-07 01:42:47,575 - BotEngine - INFO - Detected forbidden target: Borangl (skipping)
2025-06-07 01:42:48,076 - BotEngine - INFO - Detected forbidden target: Borangl (skipping)
2025-06-07 01:42:48,577 - BotEngine - INFO - Detected forbidden target: Borangl (skipping)
2025-06-07 01:42:49,075 - BotEngine - INFO - Detected forbidden target: Borangl (skipping)
2025-06-07 01:42:49,574 - BotEngine - INFO - Detected forbidden target: Borangl (skipping)
2025-06-07 01:42:50,072 - BotEngine - INFO - Detected forbidden target: Borangl (skipping)
2025-06-07 01:42:50,586 - BotEngine - INFO - Detected forbidden target: Borangl (skipping)
2025-06-07 01:42:51,085 - BotEngine - INFO - Detected forbidden target: Borangl (skipping)
2025-06-07 01:42:51,585 - BotEngine - INFO - Detected forbidden target: Borangl (skipping)
2025-06-07 01:42:52,085 - BotEngine - INFO - Detected forbidden target: Borangl (skipping)
2025-06-07 01:42:52,574 - BotEngine - INFO - Detected forbidden target: Borangl (skipping)
2025-06-07 01:42:52,824 - BotEngine - INFO - Enhanced combat manager paused
2025-06-07 01:42:52,824 - BotEngine - INFO - Bot paused
2025-06-07 01:43:33,099 - BotEngine - INFO - Enhanced combat manager resumed
2025-06-07 01:43:33,100 - BotEngine - INFO - Bot resumed
2025-06-07 01:43:33,597 - BotEngine - INFO - Detected forbidden target: Borangl (skipping)
2025-06-07 01:43:34,098 - BotEngine - INFO - Detected forbidden target: Borangl (skipping)
2025-06-07 01:43:34,614 - BotEngine - INFO - Detected forbidden target: Borangl (skipping)
2025-06-07 01:43:34,853 - BotEngine - INFO - New target: Zlnmon
2025-06-07 01:43:35,102 - BotEngine - INFO - Target acquired: Zlnmon
2025-06-07 01:43:35,204 - BotEngine - INFO - Used skill 'Skill 2' on Zlnmon (HP: 100%) [Rotation: Rotation 1, Step: 2/2]
2025-06-07 01:43:35,719 - BotEngine - INFO - Basic attack on Zlnmon (HP: 100%)
2025-06-07 01:43:36,223 - BotEngine - INFO - Used skill 'Skill 1' on Zlnmon (HP: 100%) [Rotation: Rotation 1, Step: 1/2]
2025-06-07 01:43:37,225 - BotEngine - INFO - Used skill 'Skill 2' on Zlnmon (HP: 100%) [Rotation: Rotation 1, Step: 2/2]
2025-06-07 01:43:37,720 - BotEngine - INFO - Basic attack on Zlnmon (HP: 65%)
2025-06-07 01:43:38,226 - BotEngine - INFO - Used skill 'Skill 1' on Zlnmon (HP: 67%) [Rotation: Rotation 1, Step: 1/2]
2025-06-07 01:43:39,226 - BotEngine - INFO - Used skill 'Skill 2' on Zlnmon (HP: 57%) [Rotation: Rotation 1, Step: 2/2]
2025-06-07 01:43:39,728 - BotEngine - INFO - Basic attack on Zlnmon (HP: 57%)
2025-06-07 01:43:40,232 - BotEngine - INFO - Used skill 'Skill 1' on Zlnmon (HP: 57%) [Rotation: Rotation 1, Step: 1/2]
2025-06-07 01:43:41,235 - BotEngine - INFO - Used skill 'Skill 2' on Zlnmon (HP: 16%) [Rotation: Rotation 1, Step: 2/2]
2025-06-07 01:43:41,733 - BotEngine - INFO - Basic attack on Zlnmon (HP: 6%)
2025-06-07 01:43:41,734 - BotEngine - INFO - Zlnmon is low health (6%)
2025-06-07 01:43:42,220 - BotEngine - INFO - Used skill 'Skill 1' on Zlnmon (HP: 7%) [Rotation: Rotation 1, Step: 1/2]
2025-06-07 01:43:43,243 - BotEngine - INFO - Used skill 'Skill 2' on Zlnmon (HP: 7%) [Rotation: Rotation 1, Step: 2/2]
2025-06-07 01:43:43,271 - BotEngine - INFO - Target defeated: Zlnmon
2025-06-07 01:43:43,660 - BotEngine - INFO - Lost target: Zlnmon
2025-06-07 01:43:43,905 - BotEngine - INFO - New target: Borangl
2025-06-07 01:43:44,161 - BotEngine - INFO - Detected forbidden target: Borangl (skipping)
2025-06-07 01:43:44,662 - BotEngine - INFO - Detected forbidden target: Borangl (skipping)
2025-06-07 01:43:44,904 - BotEngine - INFO - New target: Zlnmon
2025-06-07 01:43:45,150 - BotEngine - INFO - Target acquired: Zlnmon
2025-06-07 01:43:45,253 - BotEngine - INFO - Used skill 'Skill 1' on Zlnmon (HP: 100%) [Rotation: Rotation 1, Step: 1/2]
2025-06-07 01:43:45,754 - BotEngine - INFO - Basic attack on Zlnmon (HP: 100%)
2025-06-07 01:43:46,260 - BotEngine - INFO - Used skill 'Skill 2' on Zlnmon (HP: 100%) [Rotation: Rotation 1, Step: 2/2]
2025-06-07 01:43:47,261 - BotEngine - INFO - Used skill 'Skill 1' on Zlnmon (HP: 100%) [Rotation: Rotation 1, Step: 1/2]
2025-06-07 01:43:47,766 - BotEngine - INFO - Basic attack on Zlnmon (HP: 100%)
2025-06-07 01:43:48,258 - BotEngine - INFO - Used skill 'Skill 2' on Zlnmon (HP: 100%) [Rotation: Rotation 1, Step: 2/2]
2025-06-07 01:43:49,259 - BotEngine - INFO - Used skill 'Skill 1' on Zlnmon (HP: 100%) [Rotation: Rotation 1, Step: 1/2]
2025-06-07 01:43:49,760 - BotEngine - INFO - Basic attack on Zlnmon (HP: 100%)
2025-06-07 01:43:50,263 - BotEngine - INFO - Used skill 'Skill 2' on Zlnmon (HP: 100%) [Rotation: Rotation 1, Step: 2/2]
2025-06-07 01:43:51,266 - BotEngine - INFO - Used skill 'Skill 1' on Zlnmon (HP: 62%) [Rotation: Rotation 1, Step: 1/2]
2025-06-07 01:43:51,764 - BotEngine - INFO - Basic attack on Zlnmon (HP: 62%)
2025-06-07 01:43:52,258 - BotEngine - INFO - Used skill 'Skill 2' on Zlnmon (HP: 54%) [Rotation: Rotation 1, Step: 2/2]
2025-06-07 01:43:53,263 - BotEngine - INFO - Used skill 'Skill 1' on Zlnmon (HP: 54%) [Rotation: Rotation 1, Step: 1/2]
2025-06-07 01:43:53,760 - BotEngine - INFO - Basic attack on Zlnmon (HP: 15%)
2025-06-07 01:43:53,761 - BotEngine - INFO - Zlnmon is low health (15%)
2025-06-07 01:43:54,263 - BotEngine - INFO - Used skill 'Skill 2' on Zlnmon (HP: 15%) [Rotation: Rotation 1, Step: 2/2]
2025-06-07 01:43:54,686 - BotEngine - INFO - Target defeated: Zlnmon
2025-06-07 01:43:55,164 - BotEngine - INFO - Lost target: Zlnmon
2025-06-07 01:43:55,914 - BotEngine - INFO - New target: Zlffhonsh
2025-06-07 01:43:56,152 - BotEngine - INFO - Detected forbidden target: Zlffhonsh (skipping)
2025-06-07 01:43:56,655 - BotEngine - INFO - Detected forbidden target: Zlfhonb (skipping)
2025-06-07 01:43:57,156 - BotEngine - INFO - Detected forbidden target: Borangl (skipping)
2025-06-07 01:43:57,661 - BotEngine - INFO - Detected forbidden target: Borangl (skipping)
2025-06-07 01:43:57,905 - BotEngine - INFO - New target: Zlnmon
2025-06-07 01:43:58,162 - BotEngine - INFO - Target acquired: Zlnmon
2025-06-07 01:43:58,267 - BotEngine - INFO - Used skill 'Skill 1' on Zlnmon (HP: 100%) [Rotation: Rotation 1, Step: 1/2]
2025-06-07 01:43:58,767 - BotEngine - INFO - Basic attack on Zlnmon (HP: 100%)
2025-06-07 01:43:59,259 - BotEngine - INFO - Used skill 'Skill 2' on Zlnmon (HP: 100%) [Rotation: Rotation 1, Step: 2/2]
2025-06-07 01:44:00,263 - BotEngine - INFO - Used skill 'Skill 1' on Zlnmon (HP: 100%) [Rotation: Rotation 1, Step: 1/2]
2025-06-07 01:44:00,763 - BotEngine - INFO - Basic attack on Zlnmon (HP: 100%)
2025-06-07 01:44:01,269 - BotEngine - INFO - Used skill 'Skill 2' on Zlnmon (HP: 100%) [Rotation: Rotation 1, Step: 2/2]
2025-06-07 01:44:02,262 - BotEngine - INFO - Used skill 'Skill 1' on Zlnmon (HP: 100%) [Rotation: Rotation 1, Step: 1/2]
2025-06-07 01:44:02,760 - BotEngine - INFO - Basic attack on Zlnmon (HP: 100%)
2025-06-07 01:44:03,264 - BotEngine - INFO - Used skill 'Skill 2' on Zlnmon (HP: 100%) [Rotation: Rotation 1, Step: 2/2]
2025-06-07 01:44:04,263 - BotEngine - INFO - Used skill 'Skill 1' on Zlnmon (HP: 100%) [Rotation: Rotation 1, Step: 1/2]
2025-06-07 01:44:04,765 - BotEngine - INFO - Basic attack on Zlnmon (HP: 63%)
2025-06-07 01:44:05,256 - BotEngine - INFO - Used skill 'Skill 2' on Zlnmon (HP: 63%) [Rotation: Rotation 1, Step: 2/2]
2025-06-07 01:44:06,259 - BotEngine - INFO - Used skill 'Skill 1' on Zlnmon (HP: 44%) [Rotation: Rotation 1, Step: 1/2]
2025-06-07 01:44:06,758 - BotEngine - INFO - Basic attack on Zlnmon (HP: 46%)
2025-06-07 01:44:07,260 - BotEngine - INFO - Used skill 'Skill 2' on Zlnmon (HP: 46%) [Rotation: Rotation 1, Step: 2/2]
2025-06-07 01:44:08,262 - BotEngine - INFO - Used skill 'Skill 1' on Zlnmon (HP: 37%) [Rotation: Rotation 1, Step: 1/2]
2025-06-07 01:44:08,763 - BotEngine - INFO - Basic attack on Zlnmon (HP: 38%)
2025-06-07 01:44:09,268 - BotEngine - INFO - Used skill 'Skill 2' on Zlnmon (HP: 38%) [Rotation: Rotation 1, Step: 2/2]
2025-06-07 01:44:10,258 - BotEngine - INFO - Used skill 'Skill 1' on Zlnmon (HP: 38%) [Rotation: Rotation 1, Step: 1/2]
2025-06-07 01:44:10,757 - BotEngine - INFO - Basic attack on Zlnmon (HP: 39%)
2025-06-07 01:44:11,257 - BotEngine - INFO - Used skill 'Skill 2' on Zlnmon (HP: 19%) [Rotation: Rotation 1, Step: 2/2]
2025-06-07 01:44:12,257 - BotEngine - INFO - Used skill 'Skill 1' on Zlnmon (HP: 19%) [Rotation: Rotation 1, Step: 1/2]
2025-06-07 01:44:12,754 - BotEngine - INFO - Basic attack on Zlnmon (HP: 21%)
2025-06-07 01:44:12,755 - BotEngine - INFO - Zlnmon is low health (21%)
2025-06-07 01:44:12,787 - BotEngine - INFO - Target defeated: Zlnmon
2025-06-07 01:44:13,152 - BotEngine - INFO - Lost target: Zlnmon
2025-06-07 01:44:13,406 - BotEngine - INFO - New target: Borangl
2025-06-07 01:44:13,654 - BotEngine - INFO - Detected forbidden target: Borangl (skipping)
2025-06-07 01:44:14,156 - BotEngine - INFO - Detected forbidden target: Borangl (skipping)
2025-06-07 01:44:14,658 - BotEngine - INFO - Detected forbidden target: Borangl (skipping)
2025-06-07 01:44:15,158 - BotEngine - INFO - Detected forbidden target: Borangl (skipping)
2025-06-07 01:44:15,658 - BotEngine - INFO - Detected forbidden target: Borangl (skipping)
2025-06-07 01:44:16,160 - BotEngine - INFO - Detected forbidden target: Borangl (skipping)
2025-06-07 01:44:16,661 - BotEngine - INFO - Detected forbidden target: Borangl (skipping)
2025-06-07 01:44:17,178 - BotEngine - INFO - Detected forbidden target: Borangl (skipping)
2025-06-07 01:44:17,676 - BotEngine - INFO - Detected forbidden target: Borangl (skipping)
2025-06-07 01:44:18,177 - BotEngine - INFO - Detected forbidden target: Borangl (skipping)
2025-06-07 01:44:18,690 - BotEngine - INFO - Detected forbidden target: Borangl (skipping)
2025-06-07 01:44:19,189 - BotEngine - INFO - Detected forbidden target: Borangl (skipping)
2025-06-07 01:44:19,689 - BotEngine - INFO - Detected forbidden target: Borangl (skipping)
2025-06-07 01:44:20,193 - BotEngine - INFO - Detected forbidden target: Borangl (skipping)
2025-06-07 01:44:20,699 - BotEngine - INFO - Detected forbidden target: Borangl (skipping)
2025-06-07 01:44:21,196 - BotEngine - INFO - Detected forbidden target: Borangl (skipping)
2025-06-07 01:44:21,698 - BotEngine - INFO - Detected forbidden target: Borangl (skipping)
2025-06-07 01:44:22,185 - BotEngine - INFO - Detected forbidden target: Borangl (skipping)
2025-06-07 01:44:22,700 - BotEngine - INFO - Detected forbidden target: Borangl (skipping)
2025-06-07 01:44:23,200 - BotEngine - INFO - Detected forbidden target: Borangl (skipping)
2025-06-07 01:44:23,701 - BotEngine - INFO - Detected forbidden target: Borangl (skipping)
2025-06-07 01:44:24,202 - BotEngine - INFO - Detected forbidden target: Borangl (skipping)
2025-06-07 01:44:24,705 - BotEngine - INFO - Detected forbidden target: Borangl (skipping)
2025-06-07 01:44:25,206 - BotEngine - INFO - Detected forbidden target: Borangl (skipping)
2025-06-07 01:44:25,711 - BotEngine - INFO - Detected forbidden target: Borangl (skipping)
2025-06-07 01:44:26,212 - BotEngine - INFO - Detected forbidden target: Borangl (skipping)
2025-06-07 01:44:26,714 - BotEngine - INFO - Detected forbidden target: Borangl (skipping)
2025-06-07 01:44:27,212 - BotEngine - INFO - Detected forbidden target: Borangl (skipping)
2025-06-07 01:44:27,711 - BotEngine - INFO - Detected forbidden target: Borangl (skipping)
2025-06-07 01:44:28,225 - BotEngine - INFO - Detected forbidden target: Borangl (skipping)
2025-06-07 01:44:28,742 - BotEngine - INFO - Detected forbidden target: Borangl (skipping)
2025-06-07 01:44:29,230 - BotEngine - INFO - Detected forbidden target: Borangl (skipping)
2025-06-07 01:44:29,732 - BotEngine - INFO - Detected forbidden target: Borangl (skipping)
2025-06-07 01:44:30,237 - BotEngine - INFO - Detected forbidden target: Borangl (skipping)
2025-06-07 01:44:30,738 - BotEngine - INFO - Detected forbidden target: Borangl (skipping)
2025-06-07 01:44:31,242 - BotEngine - INFO - Detected forbidden target: Borangl (skipping)
2025-06-07 01:44:31,744 - BotEngine - INFO - Detected forbidden target: Borangl (skipping)
2025-06-07 01:44:32,231 - BotEngine - INFO - Detected forbidden target: Borangl (skipping)
2025-06-07 01:44:32,737 - BotEngine - INFO - Detected forbidden target: Borangl (skipping)
2025-06-07 01:44:32,987 - BotEngine - INFO - New target: Zlnmon
2025-06-07 01:44:33,238 - BotEngine - INFO - Target acquired: Zlnmon
2025-06-07 01:44:33,343 - BotEngine - INFO - Used skill 'Skill 2' on Zlnmon (HP: 100%) [Rotation: Rotation 1, Step: 2/2]
2025-06-07 01:44:33,840 - BotEngine - INFO - Basic attack on Zlnmon (HP: 100%)
2025-06-07 01:44:34,348 - BotEngine - INFO - Used skill 'Skill 1' on Zlnmon (HP: 100%) [Rotation: Rotation 1, Step: 1/2]
2025-06-07 01:44:35,353 - BotEngine - INFO - Used skill 'Skill 2' on Zlnmon (HP: 100%) [Rotation: Rotation 1, Step: 2/2]
2025-06-07 01:44:35,850 - BotEngine - INFO - Basic attack on Zlnmon (HP: 100%)
2025-06-07 01:44:36,358 - BotEngine - INFO - Used skill 'Skill 1' on Zlnmon (HP: 100%) [Rotation: Rotation 1, Step: 1/2]
2025-06-07 01:44:37,349 - BotEngine - INFO - Used skill 'Skill 2' on Zlnmon (HP: 100%) [Rotation: Rotation 1, Step: 2/2]
2025-06-07 01:44:37,850 - BotEngine - INFO - Basic attack on Zlnmon (HP: 100%)
2025-06-07 01:44:38,355 - BotEngine - INFO - Used skill 'Skill 1' on Zlnmon (HP: 100%) [Rotation: Rotation 1, Step: 1/2]
2025-06-07 01:44:39,375 - BotEngine - INFO - Used skill 'Skill 2' on Zlnmon (HP: 100%) [Rotation: Rotation 1, Step: 2/2]
2025-06-07 01:44:39,875 - BotEngine - INFO - Basic attack on Zlnmon (HP: 100%)
2025-06-07 01:44:40,367 - BotEngine - INFO - Used skill 'Skill 1' on Zlnmon (HP: 60%) [Rotation: Rotation 1, Step: 1/2]
2025-06-07 01:44:41,371 - BotEngine - INFO - Used skill 'Skill 2' on Zlnmon (HP: 61%) [Rotation: Rotation 1, Step: 2/2]
2025-06-07 01:44:41,872 - BotEngine - INFO - Basic attack on Zlnmon (HP: 51%)
2025-06-07 01:44:42,377 - BotEngine - INFO - Used skill 'Skill 1' on Zlnmon (HP: 51%) [Rotation: Rotation 1, Step: 1/2]
2025-06-07 01:44:43,368 - BotEngine - INFO - Used skill 'Skill 2' on Zlnmon (HP: 14%) [Rotation: Rotation 1, Step: 2/2]
2025-06-07 01:44:43,866 - BotEngine - INFO - Basic attack on Zlnmon (HP: 14%)
2025-06-07 01:44:43,867 - BotEngine - INFO - Zlnmon is low health (14%)
2025-06-07 01:44:43,902 - BotEngine - INFO - Target defeated: Zlnmon
2025-06-07 01:44:44,269 - BotEngine - INFO - Lost target: Zlnmon
2025-06-07 01:44:44,634 - BotEngine - INFO - New target: Bzlnmon
2025-06-07 01:44:44,771 - BotEngine - INFO - Target acquired: Bzlnmon
2025-06-07 01:44:44,876 - BotEngine - INFO - Used skill 'Skill 1' on Bzlnmon (HP: 6%) [Rotation: Rotation 1, Step: 1/2]
2025-06-07 01:44:45,751 - BotEngine - INFO - Enhanced combat manager paused
2025-06-07 01:44:45,752 - BotEngine - INFO - Bot paused
2025-06-07 01:45:02,151 - BotEngine - INFO - Enhanced combat manager resumed
2025-06-07 01:45:02,153 - BotEngine - INFO - Bot resumed
2025-06-07 01:45:02,758 - BotEngine - INFO - Used skill 'Skill 2' on Bzlnmon (HP: 6%) [Rotation: Rotation 1, Step: 2/2]
2025-06-07 01:45:02,787 - BotEngine - INFO - Target defeated: Bzlnmon
2025-06-07 01:45:03,157 - BotEngine - INFO - Lost target: Bzlnmon
2025-06-07 01:45:03,405 - BotEngine - INFO - New target: Borangl
2025-06-07 01:45:03,659 - BotEngine - INFO - Detected forbidden target: Borangl (skipping)
2025-06-07 01:45:04,163 - BotEngine - INFO - Detected forbidden target: Borangl (skipping)
2025-06-07 01:45:04,663 - BotEngine - INFO - Detected forbidden target: Borangl (skipping)
2025-06-07 01:45:05,162 - BotEngine - INFO - Detected forbidden target: Borangl (skipping)
2025-06-07 01:45:05,661 - BotEngine - INFO - Detected forbidden target: Borangl (skipping)
2025-06-07 01:45:06,166 - BotEngine - INFO - Detected forbidden target: Borangl (skipping)
2025-06-07 01:45:06,654 - BotEngine - INFO - Detected forbidden target: Borangl (skipping)
2025-06-07 01:45:07,159 - BotEngine - INFO - Detected forbidden target: Borangl (skipping)
2025-06-07 01:45:07,664 - BotEngine - INFO - Detected forbidden target: Borangl (skipping)
2025-06-07 01:45:08,152 - BotEngine - INFO - Detected forbidden target: Borangl (skipping)
2025-06-07 01:45:08,654 - BotEngine - INFO - Detected forbidden target: Borangl (skipping)
2025-06-07 01:45:09,162 - BotEngine - INFO - Detected forbidden target: Borangl (skipping)
2025-06-07 01:45:09,662 - BotEngine - INFO - Detected forbidden target: Borangl (skipping)
2025-06-07 01:45:10,167 - BotEngine - INFO - Detected forbidden target: Borangl (skipping)
2025-06-07 01:45:10,659 - BotEngine - INFO - Detected forbidden target: Borangl (skipping)
2025-06-07 01:45:11,165 - BotEngine - INFO - Detected forbidden target: Borangl (skipping)
2025-06-07 01:45:11,659 - BotEngine - INFO - Detected forbidden target: Borangl (skipping)
2025-06-07 01:45:12,165 - BotEngine - INFO - Detected forbidden target: Borangl (skipping)
2025-06-07 01:45:12,667 - BotEngine - INFO - Detected forbidden target: Borangl (skipping)
2025-06-07 01:45:13,155 - BotEngine - INFO - Detected forbidden target: Borangl (skipping)
2025-06-07 01:45:13,666 - BotEngine - INFO - Detected forbidden target: Borangl (skipping)
2025-06-07 01:45:14,159 - BotEngine - INFO - Detected forbidden target: Borangl (skipping)
2025-06-07 01:45:14,665 - BotEngine - INFO - Detected forbidden target: Borangl (skipping)
2025-06-07 01:45:15,154 - BotEngine - INFO - Detected forbidden target: Borangl (skipping)
2025-06-07 01:45:15,402 - BotEngine - INFO - New target: Zlnmon
2025-06-07 01:45:15,663 - BotEngine - INFO - Target acquired: Zlnmon
2025-06-07 01:45:15,768 - BotEngine - INFO - Used skill 'Skill 1' on Zlnmon (HP: 100%) [Rotation: Rotation 1, Step: 1/2]
2025-06-07 01:45:16,267 - BotEngine - INFO - Basic attack on Zlnmon (HP: 100%)
2025-06-07 01:45:16,765 - BotEngine - INFO - Used skill 'Skill 2' on Zlnmon (HP: 100%) [Rotation: Rotation 1, Step: 2/2]
2025-06-07 01:45:17,759 - BotEngine - INFO - Used skill 'Skill 1' on Zlnmon (HP: 100%) [Rotation: Rotation 1, Step: 1/2]
2025-06-07 01:45:18,261 - BotEngine - INFO - Basic attack on Zlnmon (HP: 100%)
2025-06-07 01:45:18,756 - BotEngine - INFO - Used skill 'Skill 2' on Zlnmon (HP: 100%) [Rotation: Rotation 1, Step: 2/2]
2025-06-07 01:45:19,604 - BotEngine - INFO - Enhanced combat manager paused
2025-06-07 01:45:19,606 - BotEngine - INFO - Bot paused
2025-06-07 01:45:34,416 - BotEngine - INFO - Enhanced combat manager resumed
2025-06-07 01:45:34,418 - BotEngine - INFO - Bot resumed
2025-06-07 01:45:35,025 - BotEngine - INFO - Used skill 'Skill 1' on Zlnmon (HP: 100%) [Rotation: Rotation 1, Step: 1/2]
2025-06-07 01:45:35,054 - BotEngine - INFO - Target defeated: Zlnmon
2025-06-07 01:45:35,421 - BotEngine - INFO - Lost target: Zlnmon
2025-06-07 01:45:35,670 - BotEngine - INFO - New target: Borangl
2025-06-07 01:45:35,943 - BotEngine - INFO - Detected forbidden target: Borangl (skipping)
2025-06-07 01:45:36,446 - BotEngine - INFO - Detected forbidden target: Borangl (skipping)
2025-06-07 01:45:36,950 - BotEngine - INFO - Detected forbidden target: Borangl (skipping)
2025-06-07 01:45:37,454 - BotEngine - INFO - Detected forbidden target: Borangl (skipping)
2025-06-07 01:45:37,958 - BotEngine - INFO - Detected forbidden target: Borangl (skipping)
2025-06-07 01:45:38,449 - BotEngine - INFO - Detected forbidden target: Borangl (skipping)
2025-06-07 01:45:38,963 - BotEngine - INFO - Detected forbidden target: Borangl (skipping)
2025-06-07 01:45:39,454 - BotEngine - INFO - Detected forbidden target: Borangl (skipping)
2025-06-07 01:45:39,961 - BotEngine - INFO - Detected forbidden target: Borangl (skipping)
2025-06-07 01:45:40,464 - BotEngine - INFO - Detected forbidden target: Borangl (skipping)
2025-06-07 01:45:40,955 - BotEngine - INFO - Detected forbidden target: Borangl (skipping)
2025-06-07 01:45:41,460 - BotEngine - INFO - Detected forbidden target: Borangl (skipping)
2025-06-07 01:45:41,963 - BotEngine - INFO - Detected forbidden target: Borangl (skipping)
2025-06-07 01:45:42,450 - BotEngine - INFO - Detected forbidden target: Borangl (skipping)
2025-06-07 01:45:42,954 - BotEngine - INFO - Detected forbidden target: Borangl (skipping)
2025-06-07 01:45:43,460 - BotEngine - INFO - Detected forbidden target: Borangl (skipping)
2025-06-07 01:45:43,962 - BotEngine - INFO - Detected forbidden target: Borangl (skipping)
2025-06-07 01:45:44,454 - BotEngine - INFO - Detected forbidden target: Borangl (skipping)
2025-06-07 01:45:44,954 - BotEngine - INFO - Detected forbidden target: Borangl (skipping)
2025-06-07 01:45:45,456 - BotEngine - INFO - Detected forbidden target: Borangl (skipping)
2025-06-07 01:45:45,963 - BotEngine - INFO - Detected forbidden target: Borangl (skipping)
2025-06-07 01:45:46,451 - BotEngine - INFO - Detected forbidden target: Borangl (skipping)
2025-06-07 01:45:46,951 - BotEngine - INFO - Detected forbidden target: Borangl (skipping)
2025-06-07 01:45:47,451 - BotEngine - INFO - Detected forbidden target: Borangl (skipping)
2025-06-07 01:45:47,954 - BotEngine - INFO - Detected forbidden target: Borangl (skipping)
2025-06-07 01:45:48,462 - BotEngine - INFO - Detected forbidden target: Borangl (skipping)
2025-06-07 01:45:48,951 - BotEngine - INFO - Detected forbidden target: Borangl (skipping)
2025-06-07 01:45:49,474 - BotEngine - INFO - Detected forbidden target: Borangl (skipping)
2025-06-07 01:45:49,991 - BotEngine - INFO - Detected forbidden target: Borangl (skipping)
2025-06-07 01:45:50,490 - BotEngine - INFO - Detected forbidden target: Borangl (skipping)
2025-06-07 01:45:50,994 - BotEngine - INFO - Detected forbidden target: Borangl (skipping)
2025-06-07 01:45:51,493 - BotEngine - INFO - Detected forbidden target: Borangl (skipping)
2025-06-07 01:45:51,983 - BotEngine - INFO - Detected forbidden target: Borangl (skipping)
2025-06-07 01:45:52,486 - BotEngine - INFO - Detected forbidden target: Borangl (skipping)
2025-06-07 01:45:53,004 - BotEngine - INFO - Detected forbidden target: Borangl (skipping)
2025-06-07 01:45:53,504 - BotEngine - INFO - Detected forbidden target: Borangl (skipping)
2025-06-07 01:45:54,006 - BotEngine - INFO - Detected forbidden target: Borangl (skipping)
2025-06-07 01:45:54,509 - BotEngine - INFO - Detected forbidden target: Borangl (skipping)
2025-06-07 01:45:55,009 - BotEngine - INFO - Detected forbidden target: Borangl (skipping)
2025-06-07 01:45:55,500 - BotEngine - INFO - Detected forbidden target: Borangl (skipping)
2025-06-07 01:45:56,004 - BotEngine - INFO - Detected forbidden target: Borangl (skipping)
2025-06-07 01:45:56,507 - BotEngine - INFO - Detected forbidden target: Borangl (skipping)
2025-06-07 01:45:57,010 - BotEngine - INFO - Detected forbidden target: Borangl (skipping)
2025-06-07 01:45:57,498 - BotEngine - INFO - Detected forbidden target: Borangl (skipping)
2025-06-07 01:45:58,000 - BotEngine - INFO - Detected forbidden target: Borangl (skipping)
2025-06-07 01:45:58,500 - BotEngine - INFO - Detected forbidden target: Borangl (skipping)
2025-06-07 01:45:59,006 - BotEngine - INFO - Detected forbidden target: Borangl (skipping)
2025-06-07 01:45:59,501 - BotEngine - INFO - Detected forbidden target: Borangl (skipping)
2025-06-07 01:46:00,000 - BotEngine - INFO - Detected forbidden target: Borangl (skipping)
2025-06-07 01:46:00,504 - BotEngine - INFO - Detected forbidden target: Borangl (skipping)
2025-06-07 01:46:01,005 - BotEngine - INFO - Detected forbidden target: Borangl (skipping)
2025-06-07 01:46:01,507 - BotEngine - INFO - Detected forbidden target: Borangl (skipping)
2025-06-07 01:46:02,010 - BotEngine - INFO - Detected forbidden target: Borangl (skipping)
2025-06-07 01:46:02,511 - BotEngine - INFO - Detected forbidden target: Borangl (skipping)
2025-06-07 01:46:03,030 - BotEngine - INFO - Detected forbidden target: Borangl (skipping)
2025-06-07 01:46:03,532 - BotEngine - INFO - Detected forbidden target: Borangl (skipping)
2025-06-07 01:46:04,035 - BotEngine - INFO - Detected forbidden target: Borangl (skipping)
2025-06-07 01:46:04,537 - BotEngine - INFO - Detected forbidden target: Borangl (skipping)
2025-06-07 01:46:05,037 - BotEngine - INFO - Detected forbidden target: Borangl (skipping)
2025-06-07 01:46:05,536 - BotEngine - INFO - Detected forbidden target: Borangl (skipping)
2025-06-07 01:46:06,038 - BotEngine - INFO - Detected forbidden target: Borangl (skipping)
2025-06-07 01:46:06,539 - BotEngine - INFO - Detected forbidden target: Borangl (skipping)
2025-06-07 01:46:07,029 - BotEngine - INFO - Detected forbidden target: Borangl (skipping)
2025-06-07 01:46:07,529 - BotEngine - INFO - Detected forbidden target: Borangl (skipping)
2025-06-07 01:46:08,030 - BotEngine - INFO - Detected forbidden target: Borangl (skipping)
2025-06-07 01:46:08,533 - BotEngine - INFO - Detected forbidden target: Borangl (skipping)
2025-06-07 01:46:09,034 - BotEngine - INFO - Detected forbidden target: Borangl (skipping)
2025-06-07 01:46:09,547 - BotEngine - INFO - Detected forbidden target: Borangl (skipping)
2025-06-07 01:46:10,053 - BotEngine - INFO - Detected forbidden target: Borangl (skipping)
2025-06-07 01:46:10,571 - BotEngine - INFO - Detected forbidden target: Borangl (skipping)
2025-06-07 01:46:11,062 - BotEngine - INFO - Detected forbidden target: Borangl (skipping)
2025-06-07 01:46:11,569 - BotEngine - INFO - Detected forbidden target: Borangl (skipping)
2025-06-07 01:46:12,073 - BotEngine - INFO - Detected forbidden target: Borangl (skipping)
2025-06-07 01:46:12,563 - BotEngine - INFO - Detected forbidden target: Borangl (skipping)
2025-06-07 01:46:13,068 - BotEngine - INFO - Detected forbidden target: Borangl (skipping)
2025-06-07 01:46:13,574 - BotEngine - INFO - Detected forbidden target: Borangl (skipping)
2025-06-07 01:46:14,077 - BotEngine - INFO - Detected forbidden target: Borangl (skipping)
2025-06-07 01:46:14,580 - BotEngine - INFO - Detected forbidden target: Borangl (skipping)
2025-06-07 01:46:15,086 - BotEngine - INFO - Detected forbidden target: Borangl (skipping)
2025-06-07 01:46:15,574 - BotEngine - INFO - Detected forbidden target: Borangl (skipping)
2025-06-07 01:46:16,094 - BotEngine - INFO - Detected forbidden target: Borangl (skipping)
2025-06-07 01:46:16,599 - BotEngine - INFO - Detected forbidden target: Borangl (skipping)
2025-06-07 01:46:17,100 - BotEngine - INFO - Detected forbidden target: Borangl (skipping)
2025-06-07 01:46:17,601 - BotEngine - INFO - Detected forbidden target: Borangl (skipping)
2025-06-07 01:46:18,091 - BotEngine - INFO - Detected forbidden target: Borangl (skipping)
2025-06-07 01:46:18,594 - BotEngine - INFO - Detected forbidden target: Borangl (skipping)
2025-06-07 01:46:19,115 - BotEngine - INFO - Detected forbidden target: Borangl (skipping)
2025-06-07 01:46:19,605 - BotEngine - INFO - Detected forbidden target: Borangl (skipping)
2025-06-07 01:46:20,107 - BotEngine - INFO - Detected forbidden target: Borangl (skipping)
2025-06-07 01:46:20,609 - BotEngine - INFO - Detected forbidden target: Borangl (skipping)
2025-06-07 01:46:21,110 - BotEngine - INFO - Detected forbidden target: Borangl (skipping)
2025-06-07 01:46:21,613 - BotEngine - INFO - Detected forbidden target: Borangl (skipping)
2025-06-07 01:46:22,119 - BotEngine - INFO - Detected forbidden target: Borangl (skipping)
2025-06-07 01:46:22,621 - BotEngine - INFO - Detected forbidden target: Borangl (skipping)
2025-06-07 01:46:23,135 - BotEngine - INFO - Detected forbidden target: Borangl (skipping)
2025-06-07 01:46:23,621 - BotEngine - INFO - Detected forbidden target: Borangl (skipping)
2025-06-07 01:46:24,122 - BotEngine - INFO - Detected forbidden target: Borangl (skipping)
2025-06-07 01:46:24,623 - BotEngine - INFO - Detected forbidden target: Borangl (skipping)
2025-06-07 01:46:25,127 - BotEngine - INFO - Detected forbidden target: Borangl (skipping)
2025-06-07 01:46:25,628 - BotEngine - INFO - Detected forbidden target: Borangl (skipping)
2025-06-07 01:46:26,132 - BotEngine - INFO - Detected forbidden target: Borangl (skipping)
2025-06-07 01:46:26,633 - BotEngine - INFO - Detected forbidden target: Borangl (skipping)
2025-06-07 01:46:26,936 - BotEngine - INFO - Enhanced combat manager paused
2025-06-07 01:46:26,937 - BotEngine - INFO - Bot paused
