[17:38:57] [INFO] 🔥 Using skill: Basic Attack
[17:38:58] [DEBUG] Skill 'Amada' en cooldown (visual) - icon analysis failed
[17:38:58] [DEBUG] Skill 'Biz' en cooldown (visual) - icon analysis failed
[17:38:58] [DEBUG] Skill 'Stun' en cooldown (visual).
[17:38:58] [DEBUG] Skill 'Amada' en cooldown (visual) - icon analysis failed
[17:38:58] [DEBUG] Skill 'Biz' en cooldown (visual) - icon analysis failed
[17:38:58] [DEBUG] Skill 'Stun' en cooldown (visual).
[17:38:58] [DEBUG] No active rotation, using priority system
[17:38:58] [DEBUG] Skill 'Amada' en cooldown (visual) - icon analysis failed
[17:38:58] [DEBUG] Skill 'Biz' en cooldown (visual) - icon analysis failed
[17:38:58] [DEBUG] Skill 'Stun' en cooldown (visual).
[17:38:58] [DEBUG] Skill 'Amada' en cooldown (visual) - icon analysis failed
[17:38:58] [DEBUG] Skill 'Biz' en cooldown (visual) - icon analysis failed
[17:38:58] [DEBUG] Skill 'Stun' en cooldown (visual).
[17:38:58] [DEBUG] No usable skills found, falling back to basic attack.
[17:38:59] [DEBUG] Skill 'Amada' en cooldown (visual) - icon analysis failed
[17:38:59] [DEBUG] Skill 'Biz' en cooldown (visual) - icon analysis failed
[17:38:59] [DEBUG] No active rotation, using priority system
[17:38:59] [DEBUG] Skill 'Amada' en cooldown (visual) - icon analysis failed
[17:38:59] [DEBUG] Skill 'Biz' en cooldown (visual) - icon analysis failed
[17:38:59] [DEBUG] Skill 'Amada' en cooldown (visual) - icon analysis failed
[17:38:59] [DEBUG] Skill 'Biz' en cooldown (visual) - icon analysis failed
[17:38:59] [DEBUG] Skill 'Amada' blocked by global cooldown: 0.08s < 0.2s
[17:38:59] [DEBUG] Skill 'Biz' blocked by global cooldown: 0.08s < 0.2s
[17:38:59] [INFO] ✅ Target SlnkluGosuSB defeated.
[17:38:59] [DEBUG] Loot attempt 1/3
[17:39:00] [DEBUG] Skill 'Biz' en cooldown (visual) - icon analysis failed
[17:39:00] [DEBUG] Loot attempt 2/3
[17:39:00] [DEBUG] Skill 'Biz' en cooldown (visual) - icon analysis failed
[17:39:00] [DEBUG] Skill 'Stun' en cooldown (visual).
[17:39:00] [DEBUG] Loot attempt 3/3
[17:39:01] [DEBUG] Skill 'Biz' en cooldown (visual) - icon analysis failed
[17:39:01] [DEBUG] Skill 'Stun' en cooldown (visual).
[17:39:01] [DEBUG] Looting finished. Attempts: 3/3
[17:39:01] [DEBUG] Skill 'Biz' en cooldown (visual) - icon analysis failed
[17:39:01] [DEBUG] Skill 'Stun' en cooldown (visual).
[17:39:01] [INFO] No target found. Starting search...
[17:39:02] [DEBUG] Skill 'Biz' en cooldown (visual) - icon analysis failed
[17:39:02] [DEBUG] Skill 'Stun' en cooldown (visual).
[17:39:02] [INFO] 🎯 Engaging target: SlnkluGosuSB